Using pre-set license
Built from '2021.3/staging' branch; Version is '2021.3.24f1 (cf10dcf7010d) revision 13570268'; Using compiler version '192829333'; Build Type 'Release'
OS: 'Windows 11  (10.0.23466) 64bit Professional' Language: 'pt' Physical Memory: 24491 MB
BatchMode: 1, IsHumanControllingUs: 0, StartBugReporterOnCrash: 0, Is64bit: 1, IsPro: 1

COMMAND LINE ARGUMENTS:
C:\Program Files\Unity\Hub\Editor\2021.3.24f1\Editor\Unity.exe
-adb2
-batchMode
-noUpm
-name
AssetImportWorker3
-projectPath
C:/Users/gilva/OneDrive/Documentos/GitHub/Pharmacy_game
-logFile
Logs/AssetImportWorker3.log
-srvPort
50262
Successfully changed project path to: C:/Users/gilva/OneDrive/Documentos/GitHub/Pharmacy_game
C:/Users/gilva/OneDrive/Documentos/GitHub/Pharmacy_game
[UnityMemory] Configuration Parameters - Can be set up in boot.config
    "memorysetup-bucket-allocator-granularity=16"
    "memorysetup-bucket-allocator-bucket-count=8"
    "memorysetup-bucket-allocator-block-size=33554432"
    "memorysetup-bucket-allocator-block-count=8"
    "memorysetup-main-allocator-block-size=16777216"
    "memorysetup-thread-allocator-block-size=16777216"
    "memorysetup-gfx-main-allocator-block-size=16777216"
    "memorysetup-gfx-thread-allocator-block-size=16777216"
    "memorysetup-cache-allocator-block-size=4194304"
    "memorysetup-typetree-allocator-block-size=2097152"
    "memorysetup-profiler-bucket-allocator-granularity=16"
    "memorysetup-profiler-bucket-allocator-bucket-count=8"
    "memorysetup-profiler-bucket-allocator-block-size=33554432"
    "memorysetup-profiler-bucket-allocator-block-count=8"
    "memorysetup-profiler-allocator-block-size=16777216"
    "memorysetup-profiler-editor-allocator-block-size=1048576"
    "memorysetup-temp-allocator-size-main=16777216"
    "memorysetup-job-temp-allocator-block-size=2097152"
    "memorysetup-job-temp-allocator-block-size-background=1048576"
    "memorysetup-job-temp-allocator-reduction-small-platforms=262144"
    "memorysetup-temp-allocator-size-background-worker=32768"
    "memorysetup-temp-allocator-size-job-worker=262144"
    "memorysetup-temp-allocator-size-preload-manager=33554432"
    "memorysetup-temp-allocator-size-nav-mesh-worker=65536"
    "memorysetup-temp-allocator-size-audio-worker=65536"
    "memorysetup-temp-allocator-size-cloud-worker=32768"
    "memorysetup-temp-allocator-size-gi-baking-worker=262144"
    "memorysetup-temp-allocator-size-gfx=262144"
Player connection [32484] Host "[IP] 192.168.0.34 [Port] 0 [Flags] 2 [Guid] 147897885 [EditorId] 147897885 [Version] 1048832 [Id] WindowsEditor(7,Gilvan-Desktop) [Debug] 1 [PackageName] WindowsEditor [ProjectName] Editor" joined multi-casting on [225.0.0.222:54997]...

Player connection [32484] Host "[IP] 192.168.0.34 [Port] 0 [Flags] 2 [Guid] 147897885 [EditorId] 147897885 [Version] 1048832 [Id] WindowsEditor(7,Gilvan-Desktop) [Debug] 1 [PackageName] WindowsEditor [ProjectName] Editor" joined alternative multi-casting on [225.0.0.222:34997]...

Refreshing native plugins compatible for Editor in 114.22 ms, found 3 plugins.
Preloading 0 native plugins for Editor in 0.00 ms.
Initialize engine version: 2021.3.24f1 (cf10dcf7010d)
[Subsystems] Discovering subsystems at path C:/Program Files/Unity/Hub/Editor/2021.3.24f1/Editor/Data/Resources/UnitySubsystems
[Subsystems] Discovering subsystems at path C:/Users/gilva/OneDrive/Documentos/GitHub/Pharmacy_game/Assets
GfxDevice: creating device client; threaded=0; jobified=0
Direct3D:
    Version:  Direct3D 11.0 [level 11.1]
    Renderer: NVIDIA GeForce GTX 1080 (ID=0x1b80)
    Vendor:   NVIDIA
    VRAM:     8072 MB
    Driver:   31.0.15.3179
Initialize mono
Mono path[0] = 'C:/Program Files/Unity/Hub/Editor/2021.3.24f1/Editor/Data/Managed'
Mono path[1] = 'C:/Program Files/Unity/Hub/Editor/2021.3.24f1/Editor/Data/MonoBleedingEdge/lib/mono/unityjit-win32'
Mono config path = 'C:/Program Files/Unity/Hub/Editor/2021.3.24f1/Editor/Data/MonoBleedingEdge/etc'
Using monoOptions --debugger-agent=transport=dt_socket,embedding=1,server=y,suspend=n,address=127.0.0.1:56476
Begin MonoManager ReloadAssembly
Registering precompiled unity dll's ...
Register platform support module: C:/Program Files/Unity/Hub/Editor/2021.3.24f1/Editor/Data/PlaybackEngines/WebGLSupport/UnityEditor.WebGL.Extensions.dll
Register platform support module: C:/Program Files/Unity/Hub/Editor/2021.3.24f1/Editor/Data/PlaybackEngines/WindowsStandaloneSupport/UnityEditor.WindowsStandalone.Extensions.dll
Registered in 0.006240 seconds.
Native extension for WindowsStandalone target not found
Native extension for WebGL target not found
Refreshing native plugins compatible for Editor in 91.73 ms, found 3 plugins.
Preloading 0 native plugins for Editor in 0.00 ms.
Mono: successfully reloaded assembly
- Completed reload, in  0.846 seconds
Domain Reload Profiling:
	ReloadAssembly (847ms)
		BeginReloadAssembly (140ms)
			ExecutionOrderSort (0ms)
			DisableScriptedObjects (0ms)
			BackupInstance (0ms)
			ReleaseScriptingObjects (0ms)
			CreateAndSetChildDomain (1ms)
		EndReloadAssembly (567ms)
			LoadAssemblies (138ms)
			RebuildTransferFunctionScriptingTraits (0ms)
			SetupTypeCache (164ms)
			ReleaseScriptCaches (0ms)
			RebuildScriptCaches (29ms)
			SetupLoadedEditorAssemblies (307ms)
				LogAssemblyErrors (0ms)
				InitializePlatformSupportModulesInManaged (10ms)
				SetLoadedEditorAssemblies (0ms)
				RefreshPlugins (92ms)
				BeforeProcessingInitializeOnLoad (2ms)
				ProcessInitializeOnLoadAttributes (143ms)
				ProcessInitializeOnLoadMethodAttributes (60ms)
				AfterProcessingInitializeOnLoad (0ms)
				EditorAssembliesLoaded (0ms)
			ExecutionOrderSort2 (0ms)
			AwakeInstancesAfterBackupRestoration (0ms)
Platform modules already initialized, skipping
Registering precompiled user dll's ...
Registered in 0.005302 seconds.
Begin MonoManager ReloadAssembly
Symbol file LoadedFromMemory doesn't match image C:\Users\gilva\OneDrive\Documentos\GitHub\Pharmacy_game\Library\PackageCache\com.unity.visualscripting@1.8.0\Editor\VisualScripting.Core\Dependencies\YamlDotNet\Unity.VisualScripting.YamlDotNet.dll
Symbol file LoadedFromMemory doesn't match image C:\Users\gilva\OneDrive\Documentos\GitHub\Pharmacy_game\Library\PackageCache\com.unity.visualscripting@1.8.0\Editor\VisualScripting.Core\Dependencies\DotNetZip\Unity.VisualScripting.IonicZip.dll
Native extension for WindowsStandalone target not found
Native extension for WebGL target not found
Refreshing native plugins compatible for Editor in 0.76 ms, found 3 plugins.
Preloading 0 native plugins for Editor in 0.00 ms.
Mono: successfully reloaded assembly
- Completed reload, in  1.361 seconds
Domain Reload Profiling:
	ReloadAssembly (1362ms)
		BeginReloadAssembly (139ms)
			ExecutionOrderSort (0ms)
			DisableScriptedObjects (10ms)
			BackupInstance (0ms)
			ReleaseScriptingObjects (0ms)
			CreateAndSetChildDomain (24ms)
		EndReloadAssembly (1114ms)
			LoadAssemblies (96ms)
			RebuildTransferFunctionScriptingTraits (0ms)
			SetupTypeCache (439ms)
			ReleaseScriptCaches (1ms)
			RebuildScriptCaches (69ms)
			SetupLoadedEditorAssemblies (457ms)
				LogAssemblyErrors (0ms)
				InitializePlatformSupportModulesInManaged (7ms)
				SetLoadedEditorAssemblies (1ms)
				RefreshPlugins (1ms)
				BeforeProcessingInitializeOnLoad (95ms)
				ProcessInitializeOnLoadAttributes (321ms)
				ProcessInitializeOnLoadMethodAttributes (25ms)
				AfterProcessingInitializeOnLoad (7ms)
				EditorAssembliesLoaded (0ms)
			ExecutionOrderSort2 (0ms)
			AwakeInstancesAfterBackupRestoration (8ms)
Platform modules already initialized, skipping
========================================================================
Worker process is ready to serve import requests
Launched and connected shader compiler UnityShaderCompiler.exe after 0.08 seconds
Refreshing native plugins compatible for Editor in 1.53 ms, found 3 plugins.
Preloading 0 native plugins for Editor in 0.00 ms.
Unloading 3605 Unused Serialized files (Serialized files now loaded: 0)
Unloading 40 unused Assets / (0.6 MB). Loaded Objects now: 4084.
Memory consumption went from 147.8 MB to 147.2 MB.
Total: 7.124700 ms (FindLiveObjects: 0.795400 ms CreateObjectMapping: 0.639600 ms MarkObjects: 5.118200 ms  DeleteObjects: 0.569900 ms)

AssetImportParameters requested are different than current active one (requested -> active):
  custom:video-decoder-ogg-theora: a1e56fd34408186e4bbccfd4996cb3dc -> 
  custom:container-muxer-webm: aa71ff27fc2769a1b78a27578f13a17b -> 
  custom:container-demuxer-webm: 4f35f7cbe854078d1ac9338744f61a02 -> 
  custom:video-encoder-webm-vp8: eb34c28f22e8b96e1ab97ce403110664 -> 
  custom:video-codec-MediaFoundation-h265: 746d11721c4dcdbdad8f713fa42b33f4 -> 
  custom:audio-encoder-webm-vorbis: bf7c407c2cedff20999df2af8eb42d56 -> 
  custom:framework-win-MediaFoundation: 216162199b28c13a410421893ffa2e32 -> 
  custom:container-demuxer-ogg: 62fdf1f143b41e24485cea50d1cbac27 -> 
  custom:video-decoder-webm-vp8: 9c59270c3fd7afecdb556c50c9e8de78 -> 
  custom:audio-decoder-ogg-vorbis: bf7c407c2cedff20999df2af8eb42d56 -> 
========================================================================
Received Import Request.
  Time since last request: 254.641513 seconds.
  path: Assets/BrokenVector/LowPolyStoragePack/Palettes/Palette_Purple.png
  artifactKey: Guid(2f31cca53255f564c986254821a8dd17) Importer(815301076,1909f56bfc062723c751e8b465ee728b)
Start importing Assets/BrokenVector/LowPolyStoragePack/Palettes/Palette_Purple.png using Guid(2f31cca53255f564c986254821a8dd17) Importer(815301076,1909f56bfc062723c751e8b465ee728b)  -> (artifact id: 'cf1f08facfa3a3ee5ff454e2abc02107') in 0.092548 seconds 
========================================================================
Received Import Request.
  Time since last request: 0.000029 seconds.
  path: Assets/BrokenVector/LowPolyStoragePack/Prefabs/Electric_Box_02.prefab
  artifactKey: Guid(1f0bf28e3bca88e43ad25cf888971634) Importer(815301076,1909f56bfc062723c751e8b465ee728b)
Start importing Assets/BrokenVector/LowPolyStoragePack/Prefabs/Electric_Box_02.prefab using Guid(1f0bf28e3bca88e43ad25cf888971634) Importer(815301076,1909f56bfc062723c751e8b465ee728b)  -> (artifact id: '0d3f2fea31fb8ecc37d2b95ddf57c1b0') in 0.229973 seconds 
========================================================================
Received Import Request.
  Time since last request: 0.000025 seconds.
  path: Assets/BrokenVector/LowPolyStoragePack/Materials/Storage_Diffuse_Blue.mat
  artifactKey: Guid(b0cfeb8b980746945a0afedcf4ec2880) Importer(815301076,1909f56bfc062723c751e8b465ee728b)
Start importing Assets/BrokenVector/LowPolyStoragePack/Materials/Storage_Diffuse_Blue.mat using Guid(b0cfeb8b980746945a0afedcf4ec2880) Importer(815301076,1909f56bfc062723c751e8b465ee728b)  -> (artifact id: '4953e1ddc7cd09dc955e8fb783b53671') in 0.032450 seconds 
========================================================================
Received Import Request.
  Time since last request: 0.000029 seconds.
  path: Assets/BrokenVector/LowPolyStoragePack/Palettes/Palette_Red.png
  artifactKey: Guid(f0463186e997f36448fb3d42cf65bdc8) Importer(815301076,1909f56bfc062723c751e8b465ee728b)
Start importing Assets/BrokenVector/LowPolyStoragePack/Palettes/Palette_Red.png using Guid(f0463186e997f36448fb3d42cf65bdc8) Importer(815301076,1909f56bfc062723c751e8b465ee728b)  -> (artifact id: '6d2143eb7802852d24d562f4c6bf3254') in 0.009011 seconds 
========================================================================
Received Import Request.
  Time since last request: 0.000023 seconds.
  path: Assets/BrokenVector/LowPolyStoragePack/Prefabs/Bag_02_Blue.prefab
  artifactKey: Guid(e90e064552961bb478f9d1b92578b170) Importer(815301076,1909f56bfc062723c751e8b465ee728b)
Start importing Assets/BrokenVector/LowPolyStoragePack/Prefabs/Bag_02_Blue.prefab using Guid(e90e064552961bb478f9d1b92578b170) Importer(815301076,1909f56bfc062723c751e8b465ee728b)  -> (artifact id: '707ecfce1258446020c9a3f9c6b341f8') in 0.007589 seconds 
========================================================================
Received Import Request.
  Time since last request: 0.000025 seconds.
  path: Assets/BrokenVector/LowPolyStoragePack/Prefabs/Box_01_Red.prefab
  artifactKey: Guid(68e540a3efa72554cad20028e9747fe1) Importer(815301076,1909f56bfc062723c751e8b465ee728b)
Start importing Assets/BrokenVector/LowPolyStoragePack/Prefabs/Box_01_Red.prefab using Guid(68e540a3efa72554cad20028e9747fe1) Importer(815301076,1909f56bfc062723c751e8b465ee728b)  -> (artifact id: '3d09153c6fe89803532e53a9836d04c0') in 0.007782 seconds 
========================================================================
Received Import Request.
  Time since last request: 0.000016 seconds.
  path: Assets/BrokenVector/LowPolyStoragePack/Prefabs/Box_01_Yellow.prefab
  artifactKey: Guid(303a8118f0602de4d848c9d7b7e74129) Importer(815301076,1909f56bfc062723c751e8b465ee728b)
Start importing Assets/BrokenVector/LowPolyStoragePack/Prefabs/Box_01_Yellow.prefab using Guid(303a8118f0602de4d848c9d7b7e74129) Importer(815301076,1909f56bfc062723c751e8b465ee728b)  -> (artifact id: '7dd455f7062880160ea790466b62df67') in 0.009141 seconds 
========================================================================
Received Import Request.
  Time since last request: 0.000020 seconds.
  path: Assets/BrokenVector/LowPolyStoragePack/Prefabs/Barrel_03_Blue.prefab
  artifactKey: Guid(53dd11272dbdda346a1936ca914cdac9) Importer(815301076,1909f56bfc062723c751e8b465ee728b)
Start importing Assets/BrokenVector/LowPolyStoragePack/Prefabs/Barrel_03_Blue.prefab using Guid(53dd11272dbdda346a1936ca914cdac9) Importer(815301076,1909f56bfc062723c751e8b465ee728b)  -> (artifact id: '4a9546a9668e5ad5ab1bc0236f2e2fe3') in 0.009113 seconds 
========================================================================
Received Import Request.
  Time since last request: 0.000018 seconds.
  path: Assets/BrokenVector/LowPolyStoragePack/Prefabs/Container_01_Yellow.prefab
  artifactKey: Guid(1176569b9499a164d81752415b902a1e) Importer(815301076,1909f56bfc062723c751e8b465ee728b)
Start importing Assets/BrokenVector/LowPolyStoragePack/Prefabs/Container_01_Yellow.prefab using Guid(1176569b9499a164d81752415b902a1e) Importer(815301076,1909f56bfc062723c751e8b465ee728b)  -> (artifact id: '4f07d7c4dccf5644bb8f0b86a379422e') in 0.008512 seconds 
========================================================================
Received Import Request.
  Time since last request: 0.000023 seconds.
  path: Assets/BrokenVector/LowPolyStoragePack/Models/Trashcan_01.dae
  artifactKey: Guid(b4e7baaa5268b264d872a89baff081fe) Importer(815301076,1909f56bfc062723c751e8b465ee728b)
Start importing Assets/BrokenVector/LowPolyStoragePack/Models/Trashcan_01.dae using Guid(b4e7baaa5268b264d872a89baff081fe) Importer(815301076,1909f56bfc062723c751e8b465ee728b)  -> (artifact id: '2469720ca202c217db7a8b3fac59e176') in 0.130617 seconds 
========================================================================
Received Import Request.
  Time since last request: 0.000023 seconds.
  path: Assets/BrokenVector/LowPolyStoragePack/Prefabs/Box_02_Purple.prefab
  artifactKey: Guid(0261ec717e40f9641ad55ee135e1a813) Importer(815301076,1909f56bfc062723c751e8b465ee728b)
Start importing Assets/BrokenVector/LowPolyStoragePack/Prefabs/Box_02_Purple.prefab using Guid(0261ec717e40f9641ad55ee135e1a813) Importer(815301076,1909f56bfc062723c751e8b465ee728b)  -> (artifact id: '07fa093a5c4dbfb645078a7c80aefb84') in 0.007037 seconds 
========================================================================
Received Import Request.
  Time since last request: 0.000026 seconds.
  path: Assets/BrokenVector/LowPolyStoragePack/Models/Container_02.dae
  artifactKey: Guid(58b2a76bf4bc9d343ac061af00f7c612) Importer(815301076,1909f56bfc062723c751e8b465ee728b)
Start importing Assets/BrokenVector/LowPolyStoragePack/Models/Container_02.dae using Guid(58b2a76bf4bc9d343ac061af00f7c612) Importer(815301076,1909f56bfc062723c751e8b465ee728b)  -> (artifact id: '21aca204ca1126afd893130ed05f5e94') in 0.009970 seconds 
========================================================================
Received Import Request.
  Time since last request: 0.000026 seconds.
  path: Assets/BrokenVector/LowPolyStoragePack/Models/Giftbox_01.dae
  artifactKey: Guid(601dc9ecbb324ed488aeceaf99509326) Importer(815301076,1909f56bfc062723c751e8b465ee728b)
Start importing Assets/BrokenVector/LowPolyStoragePack/Models/Giftbox_01.dae using Guid(601dc9ecbb324ed488aeceaf99509326) Importer(815301076,1909f56bfc062723c751e8b465ee728b)  -> (artifact id: 'f1f8cbe21fb06f4105a3d138392f12ca') in 0.009334 seconds 
========================================================================
Received Import Request.
  Time since last request: 0.000029 seconds.
  path: Assets/BrokenVector/LowPolyStoragePack/Models/AmpRack_02.dae
  artifactKey: Guid(d31353d1f3002254bb9c6dccb795b548) Importer(815301076,1909f56bfc062723c751e8b465ee728b)
Start importing Assets/BrokenVector/LowPolyStoragePack/Models/AmpRack_02.dae using Guid(d31353d1f3002254bb9c6dccb795b548) Importer(815301076,1909f56bfc062723c751e8b465ee728b)  -> (artifact id: '04e1bcbf5f54f8b11f70a53f30eaaf0b') in 0.010945 seconds 
========================================================================
Received Import Request.
  Time since last request: 0.000024 seconds.
  path: Assets/BrokenVector/LowPolyStoragePack/Prefabs/Bag_01_Green.prefab
  artifactKey: Guid(1de3ed2b342c78d468188c47315371cb) Importer(815301076,1909f56bfc062723c751e8b465ee728b)
Start importing Assets/BrokenVector/LowPolyStoragePack/Prefabs/Bag_01_Green.prefab using Guid(1de3ed2b342c78d468188c47315371cb) Importer(815301076,1909f56bfc062723c751e8b465ee728b)  -> (artifact id: '0cb0ee3086252b4064769028b0429564') in 0.007741 seconds 
========================================================================
Received Import Request.
  Time since last request: 0.000016 seconds.
  path: Assets/BrokenVector/LowPolyStoragePack/Models/Giftbox_02.dae
  artifactKey: Guid(ad0f380d466940048bdd16c9160d04aa) Importer(815301076,1909f56bfc062723c751e8b465ee728b)
Start importing Assets/BrokenVector/LowPolyStoragePack/Models/Giftbox_02.dae using Guid(ad0f380d466940048bdd16c9160d04aa) Importer(815301076,1909f56bfc062723c751e8b465ee728b)  -> (artifact id: 'f969f769960a3d6d67f68983b2329592') in 0.010058 seconds 
========================================================================
Received Import Request.
  Time since last request: 0.000016 seconds.
  path: Assets/BrokenVector/LowPolyStoragePack/Models/ElectricBox_01.dae
  artifactKey: Guid(183ba50f754853448ac7cdd8ed8d0597) Importer(815301076,1909f56bfc062723c751e8b465ee728b)
Start importing Assets/BrokenVector/LowPolyStoragePack/Models/ElectricBox_01.dae using Guid(183ba50f754853448ac7cdd8ed8d0597) Importer(815301076,1909f56bfc062723c751e8b465ee728b)  -> (artifact id: '3236902c779507b18c580cb8068098ac') in 0.010944 seconds 
========================================================================
Received Import Request.
  Time since last request: 0.000018 seconds.
  path: Assets/BrokenVector/LowPolyStoragePack/Prefabs/Bag_01_Purple.prefab
  artifactKey: Guid(5a9cf2eaaa5dfef4f88b25565c281777) Importer(815301076,1909f56bfc062723c751e8b465ee728b)
Start importing Assets/BrokenVector/LowPolyStoragePack/Prefabs/Bag_01_Purple.prefab using Guid(5a9cf2eaaa5dfef4f88b25565c281777) Importer(815301076,1909f56bfc062723c751e8b465ee728b)  -> (artifact id: '7dad1c308cbf27197f202d8a7473ea59') in 0.007992 seconds 
========================================================================
Received Import Request.
  Time since last request: 0.000017 seconds.
  path: Assets/BrokenVector/LowPolyStoragePack/Palettes/Palette_Yellow.png
  artifactKey: Guid(5a69156d521450d41b42825fbceaa971) Importer(815301076,1909f56bfc062723c751e8b465ee728b)
Start importing Assets/BrokenVector/LowPolyStoragePack/Palettes/Palette_Yellow.png using Guid(5a69156d521450d41b42825fbceaa971) Importer(815301076,1909f56bfc062723c751e8b465ee728b)  -> (artifact id: 'f670e2ed2558173f3c32eb8710c2a934') in 0.004924 seconds 
========================================================================
Received Import Request.
  Time since last request: 0.000021 seconds.
  path: Assets/BrokenVector/LowPolyStoragePack/Prefabs/Container_01_Blue.prefab
  artifactKey: Guid(8795553cb16bf3940892b7adf8761504) Importer(815301076,1909f56bfc062723c751e8b465ee728b)
Start importing Assets/BrokenVector/LowPolyStoragePack/Prefabs/Container_01_Blue.prefab using Guid(8795553cb16bf3940892b7adf8761504) Importer(815301076,1909f56bfc062723c751e8b465ee728b)  -> (artifact id: 'fa6f1eac5726260d129a89802e03e1ee') in 0.007755 seconds 
========================================================================
Received Import Request.
  Time since last request: 0.000016 seconds.
  path: Assets/BrokenVector/LowPolyStoragePack/Palettes/Palette_Green.png
  artifactKey: Guid(a36f7aa6d9d45e14c8a942398aa6f468) Importer(815301076,1909f56bfc062723c751e8b465ee728b)
Start importing Assets/BrokenVector/LowPolyStoragePack/Palettes/Palette_Green.png using Guid(a36f7aa6d9d45e14c8a942398aa6f468) Importer(815301076,1909f56bfc062723c751e8b465ee728b)  -> (artifact id: 'a357b731105e3700acdf639668f8fb28') in 0.006059 seconds 
========================================================================
Received Import Request.
  Time since last request: 0.000017 seconds.
  path: Assets/BrokenVector/LowPolyStoragePack/Models/Box_01.dae
  artifactKey: Guid(92e94bedf87decc4bab0193195407561) Importer(815301076,1909f56bfc062723c751e8b465ee728b)
Start importing Assets/BrokenVector/LowPolyStoragePack/Models/Box_01.dae using Guid(92e94bedf87decc4bab0193195407561) Importer(815301076,1909f56bfc062723c751e8b465ee728b)  -> (artifact id: '422bbbafbce96adaff2d7f9057f2ebf8') in 0.009244 seconds 
========================================================================
Received Import Request.
  Time since last request: 0.000022 seconds.
  path: Assets/BrokenVector/LowPolyStoragePack/Materials/Storage_Metal_Red.mat
  artifactKey: Guid(974e4860cba7dbd478b90327dbc32482) Importer(815301076,1909f56bfc062723c751e8b465ee728b)
Start importing Assets/BrokenVector/LowPolyStoragePack/Materials/Storage_Metal_Red.mat using Guid(974e4860cba7dbd478b90327dbc32482) Importer(815301076,1909f56bfc062723c751e8b465ee728b)  -> (artifact id: 'daf29815f012760fdddefeffd3eea069') in 0.007175 seconds 
========================================================================
Received Import Request.
  Time since last request: 0.000017 seconds.
  path: Assets/BrokenVector/LowPolyStoragePack/Models/Cabinet_01.dae
  artifactKey: Guid(ffda0faa00b197942bab9c63c81e74e5) Importer(815301076,1909f56bfc062723c751e8b465ee728b)
Start importing Assets/BrokenVector/LowPolyStoragePack/Models/Cabinet_01.dae using Guid(ffda0faa00b197942bab9c63c81e74e5) Importer(815301076,1909f56bfc062723c751e8b465ee728b)  -> (artifact id: 'e36a868b50c48232c168ee21e35b18c8') in 0.010193 seconds 
========================================================================
Received Import Request.
  Time since last request: 0.000071 seconds.
  path: Assets/BrokenVector/LowPolyStoragePack/Prefabs/Container_02_Green.prefab
  artifactKey: Guid(74c1cb39435213641b90be5965575f63) Importer(815301076,1909f56bfc062723c751e8b465ee728b)
Start importing Assets/BrokenVector/LowPolyStoragePack/Prefabs/Container_02_Green.prefab using Guid(74c1cb39435213641b90be5965575f63) Importer(815301076,1909f56bfc062723c751e8b465ee728b)  -> (artifact id: '7a823c060aea7f89854b0ff29d96e916') in 0.008498 seconds 
========================================================================
Received Import Request.
  Time since last request: 0.000019 seconds.
  path: Assets/BrokenVector/LowPolyStoragePack/Models/Container_01.dae
  artifactKey: Guid(69aae84d594b6f24995327e55246f937) Importer(815301076,1909f56bfc062723c751e8b465ee728b)
Start importing Assets/BrokenVector/LowPolyStoragePack/Models/Container_01.dae using Guid(69aae84d594b6f24995327e55246f937) Importer(815301076,1909f56bfc062723c751e8b465ee728b)  -> (artifact id: '273573a70a25025072aa32c28237ad6a') in 0.010301 seconds 
========================================================================
Received Import Request.
  Time since last request: 0.000024 seconds.
  path: Assets/BrokenVector/LowPolyStoragePack/Prefabs/Garbage_Can_Blue.prefab
  artifactKey: Guid(18d51fb81a136504a8012d9c99ca47de) Importer(815301076,1909f56bfc062723c751e8b465ee728b)
Start importing Assets/BrokenVector/LowPolyStoragePack/Prefabs/Garbage_Can_Blue.prefab using Guid(18d51fb81a136504a8012d9c99ca47de) Importer(815301076,1909f56bfc062723c751e8b465ee728b)  -> (artifact id: '71935d8552eebb0ea99d11baf3bf44ae') in 0.007440 seconds 
========================================================================
Received Import Request.
  Time since last request: 0.000034 seconds.
  path: Assets/BrokenVector/LowPolyStoragePack/Prefabs/Container_02_Red.prefab
  artifactKey: Guid(466f5a12c6bdcc54dac02fd25e22b515) Importer(815301076,1909f56bfc062723c751e8b465ee728b)
Start importing Assets/BrokenVector/LowPolyStoragePack/Prefabs/Container_02_Red.prefab using Guid(466f5a12c6bdcc54dac02fd25e22b515) Importer(815301076,1909f56bfc062723c751e8b465ee728b)  -> (artifact id: 'cdc0d55b121a2e6f7ef12ece92af6936') in 0.008215 seconds 
========================================================================
Received Import Request.
  Time since last request: 0.000027 seconds.
  path: Assets/BrokenVector/LowPolyStoragePack/Models/Suitcase_01.dae
  artifactKey: Guid(0ea575825eb921d459f33d8288f64917) Importer(815301076,1909f56bfc062723c751e8b465ee728b)
Start importing Assets/BrokenVector/LowPolyStoragePack/Models/Suitcase_01.dae using Guid(0ea575825eb921d459f33d8288f64917) Importer(815301076,1909f56bfc062723c751e8b465ee728b)  -> (artifact id: '104e853d312834be2661de3d1d19e5eb') in 0.011400 seconds 
========================================================================
Received Import Request.
  Time since last request: 0.000017 seconds.
  path: Assets/BrokenVector/LowPolyStoragePack/Models/Cabinet_04.dae
  artifactKey: Guid(600ba151e48aa1b42afe71cd57559343) Importer(815301076,1909f56bfc062723c751e8b465ee728b)
Start importing Assets/BrokenVector/LowPolyStoragePack/Models/Cabinet_04.dae using Guid(600ba151e48aa1b42afe71cd57559343) Importer(815301076,1909f56bfc062723c751e8b465ee728b)  -> (artifact id: 'ad50ed6ce74847610093629d5e392858') in 0.009800 seconds 
========================================================================
Received Import Request.
  Time since last request: 2.177301 seconds.
  path: Assets/BrokenVector/LowPolyStoragePack/Prefabs/Garbage_Can_Yellow.prefab
  artifactKey: Guid(70cbdc76e81f516488de49d9acbef175) Importer(815301076,1909f56bfc062723c751e8b465ee728b)
Start importing Assets/BrokenVector/LowPolyStoragePack/Prefabs/Garbage_Can_Yellow.prefab using Guid(70cbdc76e81f516488de49d9acbef175) Importer(815301076,1909f56bfc062723c751e8b465ee728b)  -> (artifact id: '49b71e46e547fecf5810bc7137313506') in 0.009288 seconds 
========================================================================
Received Import Request.
  Time since last request: 0.000016 seconds.
  path: Assets/BrokenVector/LowPolyStoragePack/Prefabs/Giftbox_02_Blue.prefab
  artifactKey: Guid(8d899f85a0dd1cb4983d94fdae0e1939) Importer(815301076,1909f56bfc062723c751e8b465ee728b)
Start importing Assets/BrokenVector/LowPolyStoragePack/Prefabs/Giftbox_02_Blue.prefab using Guid(8d899f85a0dd1cb4983d94fdae0e1939) Importer(815301076,1909f56bfc062723c751e8b465ee728b)  -> (artifact id: 'e3b83277eaee92c4a6ee212bb8d34508') in 0.008541 seconds 
========================================================================
Received Import Request.
  Time since last request: 0.000016 seconds.
  path: Assets/BrokenVector/LowPolyStoragePack/Prefabs/Giftbox_02_Purple.prefab
  artifactKey: Guid(6f254a04acf0892448fb03144a1b5cc8) Importer(815301076,1909f56bfc062723c751e8b465ee728b)
Start importing Assets/BrokenVector/LowPolyStoragePack/Prefabs/Giftbox_02_Purple.prefab using Guid(6f254a04acf0892448fb03144a1b5cc8) Importer(815301076,1909f56bfc062723c751e8b465ee728b)  -> (artifact id: '7ad91e59f6a2aaf100e9752b8e8131fb') in 0.010727 seconds 
========================================================================
Received Import Request.
  Time since last request: 0.000019 seconds.
  path: Assets/BrokenVector/LowPolyStoragePack/Prefabs/Giftbox_01_Green.prefab
  artifactKey: Guid(f4dfdc4587263744f96196217d1976b7) Importer(815301076,1909f56bfc062723c751e8b465ee728b)
Start importing Assets/BrokenVector/LowPolyStoragePack/Prefabs/Giftbox_01_Green.prefab using Guid(f4dfdc4587263744f96196217d1976b7) Importer(815301076,1909f56bfc062723c751e8b465ee728b)  -> (artifact id: '3ceadbc0fe0959c979fda8f6f147fe71') in 0.008954 seconds 
========================================================================
Received Import Request.
  Time since last request: 1.665422 seconds.
  path: Assets/BrokenVector/LowPolyStoragePack/Prefabs/Storage_Rack_01.prefab
  artifactKey: Guid(3732512b24557ac43933b8085c822b18) Importer(815301076,1909f56bfc062723c751e8b465ee728b)
Start importing Assets/BrokenVector/LowPolyStoragePack/Prefabs/Storage_Rack_01.prefab using Guid(3732512b24557ac43933b8085c822b18) Importer(815301076,1909f56bfc062723c751e8b465ee728b)  -> (artifact id: '464db4cc11d4bb05273d13eabb490b68') in 0.008964 seconds 
========================================================================
Received Import Request.
  Time since last request: 0.000016 seconds.
  path: Assets/BrokenVector/LowPolyStoragePack/Prefabs/Suitcase_02_Blue.prefab
  artifactKey: Guid(42f519ff7e5f3d54e94c9d02963441cb) Importer(815301076,1909f56bfc062723c751e8b465ee728b)
Start importing Assets/BrokenVector/LowPolyStoragePack/Prefabs/Suitcase_02_Blue.prefab using Guid(42f519ff7e5f3d54e94c9d02963441cb) Importer(815301076,1909f56bfc062723c751e8b465ee728b)  -> (artifact id: '83b5c2a1db1c73c050847e86ffcc6caa') in 0.007869 seconds 
========================================================================
Received Import Request.
  Time since last request: 0.000018 seconds.
  path: Assets/BrokenVector/LowPolyStoragePack/Prefabs/Trashcan_01.prefab
  artifactKey: Guid(1d9a68b5f87cd504692964e0e0184301) Importer(815301076,1909f56bfc062723c751e8b465ee728b)
Start importing Assets/BrokenVector/LowPolyStoragePack/Prefabs/Trashcan_01.prefab using Guid(1d9a68b5f87cd504692964e0e0184301) Importer(815301076,1909f56bfc062723c751e8b465ee728b)  -> (artifact id: '4be41c3da0381dcacb3c01feb3553071') in 0.009032 seconds 
========================================================================
Received Import Request.
  Time since last request: 0.000026 seconds.
  path: Assets/BrokenVector/LowPolyStoragePack/Prefabs/Suitcase_02_Red.prefab
  artifactKey: Guid(e1cac1d627db5b34fa00d9a05bfa4729) Importer(815301076,1909f56bfc062723c751e8b465ee728b)
Start importing Assets/BrokenVector/LowPolyStoragePack/Prefabs/Suitcase_02_Red.prefab using Guid(e1cac1d627db5b34fa00d9a05bfa4729) Importer(815301076,1909f56bfc062723c751e8b465ee728b)  -> (artifact id: 'dbc5654267d9eb780a06573b42c6215d') in 0.008268 seconds 
========================================================================
Received Prepare
Registering precompiled user dll's ...
Registered in 0.004447 seconds.
Begin MonoManager ReloadAssembly
Symbol file LoadedFromMemory doesn't match image C:\Users\gilva\OneDrive\Documentos\GitHub\Pharmacy_game\Library\PackageCache\com.unity.visualscripting@1.8.0\Editor\VisualScripting.Core\Dependencies\YamlDotNet\Unity.VisualScripting.YamlDotNet.dll
Symbol file LoadedFromMemory doesn't match image C:\Users\gilva\OneDrive\Documentos\GitHub\Pharmacy_game\Library\PackageCache\com.unity.visualscripting@1.8.0\Editor\VisualScripting.Core\Dependencies\DotNetZip\Unity.VisualScripting.IonicZip.dll
Native extension for WindowsStandalone target not found
Native extension for WebGL target not found
Refreshing native plugins compatible for Editor in 0.99 ms, found 3 plugins.
Preloading 0 native plugins for Editor in 0.00 ms.
Mono: successfully reloaded assembly
- Completed reload, in  1.103 seconds
Domain Reload Profiling:
	ReloadAssembly (1104ms)
		BeginReloadAssembly (154ms)
			ExecutionOrderSort (0ms)
			DisableScriptedObjects (4ms)
			BackupInstance (0ms)
			ReleaseScriptingObjects (0ms)
			CreateAndSetChildDomain (35ms)
		EndReloadAssembly (846ms)
			LoadAssemblies (99ms)
			RebuildTransferFunctionScriptingTraits (0ms)
			SetupTypeCache (299ms)
			ReleaseScriptCaches (1ms)
			RebuildScriptCaches (52ms)
			SetupLoadedEditorAssemblies (358ms)
				LogAssemblyErrors (0ms)
				InitializePlatformSupportModulesInManaged (7ms)
				SetLoadedEditorAssemblies (1ms)
				RefreshPlugins (1ms)
				BeforeProcessingInitializeOnLoad (71ms)
				ProcessInitializeOnLoadAttributes (246ms)
				ProcessInitializeOnLoadMethodAttributes (24ms)
				AfterProcessingInitializeOnLoad (8ms)
				EditorAssembliesLoaded (0ms)
			ExecutionOrderSort2 (0ms)
			AwakeInstancesAfterBackupRestoration (10ms)
Platform modules already initialized, skipping
Refreshing native plugins compatible for Editor in 1.83 ms, found 3 plugins.
Preloading 0 native plugins for Editor in 0.00 ms.
Unloading 3573 Unused Serialized files (Serialized files now loaded: 0)
Unloading 21 unused Assets / (0.5 MB). Loaded Objects now: 4146.
Memory consumption went from 149.1 MB to 148.6 MB.
Total: 2.710200 ms (FindLiveObjects: 0.288300 ms CreateObjectMapping: 0.197000 ms MarkObjects: 1.935900 ms  DeleteObjects: 0.288500 ms)

AssetImportParameters requested are different than current active one (requested -> active):
  custom:video-decoder-ogg-theora: a1e56fd34408186e4bbccfd4996cb3dc -> 
  custom:container-muxer-webm: aa71ff27fc2769a1b78a27578f13a17b -> 
  custom:container-demuxer-webm: 4f35f7cbe854078d1ac9338744f61a02 -> 
  custom:video-encoder-webm-vp8: eb34c28f22e8b96e1ab97ce403110664 -> 
  custom:video-codec-MediaFoundation-h265: 746d11721c4dcdbdad8f713fa42b33f4 -> 
  custom:audio-encoder-webm-vorbis: bf7c407c2cedff20999df2af8eb42d56 -> 
  custom:framework-win-MediaFoundation: 216162199b28c13a410421893ffa2e32 -> 
  custom:container-demuxer-ogg: 62fdf1f143b41e24485cea50d1cbac27 -> 
  custom:video-decoder-webm-vp8: 9c59270c3fd7afecdb556c50c9e8de78 -> 
  custom:audio-decoder-ogg-vorbis: bf7c407c2cedff20999df2af8eb42d56 -> 
Editor requested this worker to shutdown with reason: Scaling down because of idle timeout
AssetImportWorker is now disconnected from the server
Process exiting
Exiting without the bug reporter. Application will terminate with return code 0