Using pre-set license
Built from '2021.3/staging' branch; Version is '2021.3.24f1 (cf10dcf7010d) revision 13570268'; Using compiler version '192829333'; Build Type 'Release'
OS: 'Windows 11  (10.0.23466) 64bit Professional' Language: 'pt' Physical Memory: 24491 MB
BatchMode: 1, IsHumanControllingUs: 0, StartBugReporterOnCrash: 0, Is64bit: 1, IsPro: 1

COMMAND LINE ARGUMENTS:
C:\Program Files\Unity\Hub\Editor\2021.3.24f1\Editor\Unity.exe
-adb2
-batchMode
-noUpm
-name
AssetImportWorker4
-projectPath
C:/Users/gilva/OneDrive/Documentos/GitHub/Pharmacy_game
-logFile
Logs/AssetImportWorker4.log
-srvPort
50262
Successfully changed project path to: C:/Users/gilva/OneDrive/Documentos/GitHub/Pharmacy_game
C:/Users/gilva/OneDrive/Documentos/GitHub/Pharmacy_game
[UnityMemory] Configuration Parameters - Can be set up in boot.config
    "memorysetup-bucket-allocator-granularity=16"
    "memorysetup-bucket-allocator-bucket-count=8"
    "memorysetup-bucket-allocator-block-size=33554432"
    "memorysetup-bucket-allocator-block-count=8"
    "memorysetup-main-allocator-block-size=16777216"
    "memorysetup-thread-allocator-block-size=16777216"
    "memorysetup-gfx-main-allocator-block-size=16777216"
    "memorysetup-gfx-thread-allocator-block-size=16777216"
    "memorysetup-cache-allocator-block-size=4194304"
    "memorysetup-typetree-allocator-block-size=2097152"
    "memorysetup-profiler-bucket-allocator-granularity=16"
    "memorysetup-profiler-bucket-allocator-bucket-count=8"
    "memorysetup-profiler-bucket-allocator-block-size=33554432"
    "memorysetup-profiler-bucket-allocator-block-count=8"
    "memorysetup-profiler-allocator-block-size=16777216"
    "memorysetup-profiler-editor-allocator-block-size=1048576"
    "memorysetup-temp-allocator-size-main=16777216"
    "memorysetup-job-temp-allocator-block-size=2097152"
    "memorysetup-job-temp-allocator-block-size-background=1048576"
    "memorysetup-job-temp-allocator-reduction-small-platforms=262144"
    "memorysetup-temp-allocator-size-background-worker=32768"
    "memorysetup-temp-allocator-size-job-worker=262144"
    "memorysetup-temp-allocator-size-preload-manager=33554432"
    "memorysetup-temp-allocator-size-nav-mesh-worker=65536"
    "memorysetup-temp-allocator-size-audio-worker=65536"
    "memorysetup-temp-allocator-size-cloud-worker=32768"
    "memorysetup-temp-allocator-size-gi-baking-worker=262144"
    "memorysetup-temp-allocator-size-gfx=262144"
Player connection [18136] Host "[IP] 192.168.0.34 [Port] 0 [Flags] 2 [Guid] 2921142460 [EditorId] 2921142460 [Version] 1048832 [Id] WindowsEditor(7,Gilvan-Desktop) [Debug] 1 [PackageName] WindowsEditor [ProjectName] Editor" joined multi-casting on [225.0.0.222:54997]...

Player connection [18136] Host "[IP] 192.168.0.34 [Port] 0 [Flags] 2 [Guid] 2921142460 [EditorId] 2921142460 [Version] 1048832 [Id] WindowsEditor(7,Gilvan-Desktop) [Debug] 1 [PackageName] WindowsEditor [ProjectName] Editor" joined alternative multi-casting on [225.0.0.222:34997]...

Refreshing native plugins compatible for Editor in 81.70 ms, found 3 plugins.
Preloading 0 native plugins for Editor in 0.00 ms.
Initialize engine version: 2021.3.24f1 (cf10dcf7010d)
[Subsystems] Discovering subsystems at path C:/Program Files/Unity/Hub/Editor/2021.3.24f1/Editor/Data/Resources/UnitySubsystems
[Subsystems] Discovering subsystems at path C:/Users/gilva/OneDrive/Documentos/GitHub/Pharmacy_game/Assets
GfxDevice: creating device client; threaded=0; jobified=0
Direct3D:
    Version:  Direct3D 11.0 [level 11.1]
    Renderer: NVIDIA GeForce GTX 1080 (ID=0x1b80)
    Vendor:   NVIDIA
    VRAM:     8072 MB
    Driver:   31.0.15.3179
Initialize mono
Mono path[0] = 'C:/Program Files/Unity/Hub/Editor/2021.3.24f1/Editor/Data/Managed'
Mono path[1] = 'C:/Program Files/Unity/Hub/Editor/2021.3.24f1/Editor/Data/MonoBleedingEdge/lib/mono/unityjit-win32'
Mono config path = 'C:/Program Files/Unity/Hub/Editor/2021.3.24f1/Editor/Data/MonoBleedingEdge/etc'
Using monoOptions --debugger-agent=transport=dt_socket,embedding=1,server=y,suspend=n,address=127.0.0.1:56976
Begin MonoManager ReloadAssembly
Registering precompiled unity dll's ...
Register platform support module: C:/Program Files/Unity/Hub/Editor/2021.3.24f1/Editor/Data/PlaybackEngines/WebGLSupport/UnityEditor.WebGL.Extensions.dll
Register platform support module: C:/Program Files/Unity/Hub/Editor/2021.3.24f1/Editor/Data/PlaybackEngines/WindowsStandaloneSupport/UnityEditor.WindowsStandalone.Extensions.dll
Registered in 0.005246 seconds.
Native extension for WindowsStandalone target not found
Native extension for WebGL target not found
Refreshing native plugins compatible for Editor in 85.61 ms, found 3 plugins.
Preloading 0 native plugins for Editor in 0.00 ms.
Mono: successfully reloaded assembly
- Completed reload, in  0.648 seconds
Domain Reload Profiling:
	ReloadAssembly (648ms)
		BeginReloadAssembly (78ms)
			ExecutionOrderSort (0ms)
			DisableScriptedObjects (0ms)
			BackupInstance (0ms)
			ReleaseScriptingObjects (0ms)
			CreateAndSetChildDomain (1ms)
		EndReloadAssembly (477ms)
			LoadAssemblies (77ms)
			RebuildTransferFunctionScriptingTraits (0ms)
			SetupTypeCache (112ms)
			ReleaseScriptCaches (0ms)
			RebuildScriptCaches (29ms)
			SetupLoadedEditorAssemblies (282ms)
				LogAssemblyErrors (0ms)
				InitializePlatformSupportModulesInManaged (9ms)
				SetLoadedEditorAssemblies (0ms)
				RefreshPlugins (86ms)
				BeforeProcessingInitializeOnLoad (1ms)
				ProcessInitializeOnLoadAttributes (132ms)
				ProcessInitializeOnLoadMethodAttributes (53ms)
				AfterProcessingInitializeOnLoad (0ms)
				EditorAssembliesLoaded (0ms)
			ExecutionOrderSort2 (0ms)
			AwakeInstancesAfterBackupRestoration (0ms)
Platform modules already initialized, skipping
Registering precompiled user dll's ...
Registered in 0.005522 seconds.
Begin MonoManager ReloadAssembly
Symbol file LoadedFromMemory doesn't match image C:\Users\gilva\OneDrive\Documentos\GitHub\Pharmacy_game\Library\PackageCache\com.unity.visualscripting@1.8.0\Editor\VisualScripting.Core\Dependencies\YamlDotNet\Unity.VisualScripting.YamlDotNet.dll
Symbol file LoadedFromMemory doesn't match image C:\Users\gilva\OneDrive\Documentos\GitHub\Pharmacy_game\Library\PackageCache\com.unity.visualscripting@1.8.0\Editor\VisualScripting.Core\Dependencies\DotNetZip\Unity.VisualScripting.IonicZip.dll
Native extension for WindowsStandalone target not found
Native extension for WebGL target not found
Refreshing native plugins compatible for Editor in 0.71 ms, found 3 plugins.
Preloading 0 native plugins for Editor in 0.00 ms.
Mono: successfully reloaded assembly
- Completed reload, in  1.199 seconds
Domain Reload Profiling:
	ReloadAssembly (1200ms)
		BeginReloadAssembly (116ms)
			ExecutionOrderSort (0ms)
			DisableScriptedObjects (7ms)
			BackupInstance (0ms)
			ReleaseScriptingObjects (0ms)
			CreateAndSetChildDomain (19ms)
		EndReloadAssembly (979ms)
			LoadAssemblies (88ms)
			RebuildTransferFunctionScriptingTraits (0ms)
			SetupTypeCache (373ms)
			ReleaseScriptCaches (1ms)
			RebuildScriptCaches (61ms)
			SetupLoadedEditorAssemblies (402ms)
				LogAssemblyErrors (0ms)
				InitializePlatformSupportModulesInManaged (7ms)
				SetLoadedEditorAssemblies (0ms)
				RefreshPlugins (1ms)
				BeforeProcessingInitializeOnLoad (85ms)
				ProcessInitializeOnLoadAttributes (279ms)
				ProcessInitializeOnLoadMethodAttributes (23ms)
				AfterProcessingInitializeOnLoad (7ms)
				EditorAssembliesLoaded (0ms)
			ExecutionOrderSort2 (0ms)
			AwakeInstancesAfterBackupRestoration (8ms)
Platform modules already initialized, skipping
========================================================================
Worker process is ready to serve import requests
Launched and connected shader compiler UnityShaderCompiler.exe after 0.08 seconds
Refreshing native plugins compatible for Editor in 0.84 ms, found 3 plugins.
Preloading 0 native plugins for Editor in 0.00 ms.
Unloading 3605 Unused Serialized files (Serialized files now loaded: 0)
Unloading 40 unused Assets / (0.6 MB). Loaded Objects now: 4084.
Memory consumption went from 147.8 MB to 147.2 MB.
Total: 3.457600 ms (FindLiveObjects: 0.521500 ms CreateObjectMapping: 0.331700 ms MarkObjects: 2.318900 ms  DeleteObjects: 0.284400 ms)

AssetImportParameters requested are different than current active one (requested -> active):
  custom:video-decoder-ogg-theora: a1e56fd34408186e4bbccfd4996cb3dc -> 
  custom:container-muxer-webm: aa71ff27fc2769a1b78a27578f13a17b -> 
  custom:container-demuxer-webm: 4f35f7cbe854078d1ac9338744f61a02 -> 
  custom:video-encoder-webm-vp8: eb34c28f22e8b96e1ab97ce403110664 -> 
  custom:video-codec-MediaFoundation-h265: 746d11721c4dcdbdad8f713fa42b33f4 -> 
  custom:audio-encoder-webm-vorbis: bf7c407c2cedff20999df2af8eb42d56 -> 
  custom:framework-win-MediaFoundation: 216162199b28c13a410421893ffa2e32 -> 
  custom:container-demuxer-ogg: 62fdf1f143b41e24485cea50d1cbac27 -> 
  custom:video-decoder-webm-vp8: 9c59270c3fd7afecdb556c50c9e8de78 -> 
  custom:audio-decoder-ogg-vorbis: bf7c407c2cedff20999df2af8eb42d56 -> 
========================================================================
Received Import Request.
  Time since last request: 812.337797 seconds.
  path: Assets/Packs/Environment/Nature/bush01_Textures/diffuse.png
  artifactKey: Guid(f09d087d144fc6f4a8b97c748f7e48f1) Importer(815301076,1909f56bfc062723c751e8b465ee728b)
Start importing Assets/Packs/Environment/Nature/bush01_Textures/diffuse.png using Guid(f09d087d144fc6f4a8b97c748f7e48f1) Importer(815301076,1909f56bfc062723c751e8b465ee728b)  -> (artifact id: '6bf17dfe8082a5ac18f3804b25c77250') in 0.072400 seconds 
========================================================================
Received Import Request.
  Time since last request: 0.887825 seconds.
  path: Assets/Packs/Environment/Nature/bush03_Textures/diffuse.png
  artifactKey: Guid(bafd27072aee8654485c538f80de7dd8) Importer(815301076,1909f56bfc062723c751e8b465ee728b)
Start importing Assets/Packs/Environment/Nature/bush03_Textures/diffuse.png using Guid(bafd27072aee8654485c538f80de7dd8) Importer(815301076,1909f56bfc062723c751e8b465ee728b)  -> (artifact id: '82811e3e42de83b4ff00e38b34ee0602') in 0.010917 seconds 
========================================================================
Received Import Request.
  Time since last request: 0.529640 seconds.
  path: Assets/Packs/Environment/Nature/bush06_Textures/diffuse.png
  artifactKey: Guid(c40a1e1e56a4e2a48880f0c13f4af075) Importer(815301076,1909f56bfc062723c751e8b465ee728b)
Start importing Assets/Packs/Environment/Nature/bush06_Textures/diffuse.png using Guid(c40a1e1e56a4e2a48880f0c13f4af075) Importer(815301076,1909f56bfc062723c751e8b465ee728b)  -> (artifact id: '8fea7897c542d1f37b18a59014a5ade2') in 0.010578 seconds 
========================================================================
Received Import Request.
  Time since last request: 1.082536 seconds.
  path: Assets/Packs/Environment/Nature/tree04_Textures/diffuse.png
  artifactKey: Guid(2358a0d0a1cf20d4ea0018c742bd06e4) Importer(815301076,1909f56bfc062723c751e8b465ee728b)
Start importing Assets/Packs/Environment/Nature/tree04_Textures/diffuse.png using Guid(2358a0d0a1cf20d4ea0018c742bd06e4) Importer(815301076,1909f56bfc062723c751e8b465ee728b)  -> (artifact id: '8c436ef4b8cf7a16591708d512a02f0f') in 0.009756 seconds 
========================================================================
Received Import Request.
  Time since last request: 4.147235 seconds.
  path: Assets/Packs/Environment/Mega Fantasy Props Pack/FBX/anvil.fbx
  artifactKey: Guid(051e3ba88d85e954684e39b4f0a90985) Importer(815301076,1909f56bfc062723c751e8b465ee728b)
Start importing Assets/Packs/Environment/Mega Fantasy Props Pack/FBX/anvil.fbx using Guid(051e3ba88d85e954684e39b4f0a90985) Importer(815301076,1909f56bfc062723c751e8b465ee728b)  -> (artifact id: '264f6a4fc1ade22e4e0ae77233840b86') in 0.318562 seconds 
========================================================================
Received Import Request.
  Time since last request: 0.000036 seconds.
  path: Assets/Packs/Environment/Mega Fantasy Props Pack/FBX/brick.005.fbx
  artifactKey: Guid(61b48b2571f890b408c461473c396719) Importer(815301076,1909f56bfc062723c751e8b465ee728b)
Start importing Assets/Packs/Environment/Mega Fantasy Props Pack/FBX/brick.005.fbx using Guid(61b48b2571f890b408c461473c396719) Importer(815301076,1909f56bfc062723c751e8b465ee728b)  -> (artifact id: 'ec0c7a04b33920e350bc032eb8417cb8') in 0.264736 seconds 
========================================================================
Received Import Request.
  Time since last request: 0.000024 seconds.
  path: Assets/Packs/Environment/Mega Fantasy Props Pack/FBX/brick.003.fbx
  artifactKey: Guid(3f1c814a7ab9b104fb479aecec65a0b0) Importer(815301076,1909f56bfc062723c751e8b465ee728b)
Start importing Assets/Packs/Environment/Mega Fantasy Props Pack/FBX/brick.003.fbx using Guid(3f1c814a7ab9b104fb479aecec65a0b0) Importer(815301076,1909f56bfc062723c751e8b465ee728b)  -> (artifact id: 'cc68f654a470c554fe4a70c6a178ff8a') in 0.020494 seconds 
========================================================================
Received Import Request.
  Time since last request: 0.000022 seconds.
  path: Assets/Packs/Environment/Mega Fantasy Props Pack/FBX/brick.006.fbx
  artifactKey: Guid(c9f37404ee574f244bd846d981696f92) Importer(815301076,1909f56bfc062723c751e8b465ee728b)
Start importing Assets/Packs/Environment/Mega Fantasy Props Pack/FBX/brick.006.fbx using Guid(c9f37404ee574f244bd846d981696f92) Importer(815301076,1909f56bfc062723c751e8b465ee728b)  -> (artifact id: 'e6e47132333077d8de1c286d1e1ea460') in 0.016313 seconds 
========================================================================
Received Import Request.
  Time since last request: 0.000019 seconds.
  path: Assets/Packs/Environment/Mega Fantasy Props Pack/FBX/books.002.fbx
  artifactKey: Guid(d7d3ea35aafe1c64fb69fcdbfcefedf4) Importer(815301076,1909f56bfc062723c751e8b465ee728b)
Start importing Assets/Packs/Environment/Mega Fantasy Props Pack/FBX/books.002.fbx using Guid(d7d3ea35aafe1c64fb69fcdbfcefedf4) Importer(815301076,1909f56bfc062723c751e8b465ee728b)  -> (artifact id: 'cb44b9690b276253a6e00612aafda2b3') in 0.025161 seconds 
========================================================================
Received Import Request.
  Time since last request: 0.000017 seconds.
  path: Assets/Packs/Environment/Mega Fantasy Props Pack/FBX/bottle.001.fbx
  artifactKey: Guid(f1047b90c51658248adc080b5cf291f3) Importer(815301076,1909f56bfc062723c751e8b465ee728b)
Start importing Assets/Packs/Environment/Mega Fantasy Props Pack/FBX/bottle.001.fbx using Guid(f1047b90c51658248adc080b5cf291f3) Importer(815301076,1909f56bfc062723c751e8b465ee728b)  -> (artifact id: 'db73d117a583fd33e72ddd567bc729d1') in 0.026459 seconds 
========================================================================
Received Import Request.
  Time since last request: 0.000015 seconds.
  path: Assets/Packs/Environment/Mega Fantasy Props Pack/FBX/box.004.fbx
  artifactKey: Guid(337acceb6f764c1449484718d6c8391c) Importer(815301076,1909f56bfc062723c751e8b465ee728b)
Start importing Assets/Packs/Environment/Mega Fantasy Props Pack/FBX/box.004.fbx using Guid(337acceb6f764c1449484718d6c8391c) Importer(815301076,1909f56bfc062723c751e8b465ee728b)  -> (artifact id: 'be714c19da54bde5ac508293e069a346') in 0.021401 seconds 
========================================================================
Received Import Request.
  Time since last request: 0.000021 seconds.
  path: Assets/Packs/Environment/Mega Fantasy Props Pack/FBX/bedside_table.001.fbx
  artifactKey: Guid(9c7758246e54147438029b3b9e4927dd) Importer(815301076,1909f56bfc062723c751e8b465ee728b)
Start importing Assets/Packs/Environment/Mega Fantasy Props Pack/FBX/bedside_table.001.fbx using Guid(9c7758246e54147438029b3b9e4927dd) Importer(815301076,1909f56bfc062723c751e8b465ee728b)  -> (artifact id: '9e4c5e8847f32ed467867ef742f8834b') in 0.019146 seconds 
========================================================================
Received Import Request.
  Time since last request: 0.000017 seconds.
  path: Assets/Packs/Environment/Mega Fantasy Props Pack/FBX/book.fbx
  artifactKey: Guid(96575fa25b18b3a44a52bc47e814825e) Importer(815301076,1909f56bfc062723c751e8b465ee728b)
Start importing Assets/Packs/Environment/Mega Fantasy Props Pack/FBX/book.fbx using Guid(96575fa25b18b3a44a52bc47e814825e) Importer(815301076,1909f56bfc062723c751e8b465ee728b)  -> (artifact id: 'd8f4164010ae6bf83fb4e1fc99b88d29') in 0.025558 seconds 
========================================================================
Received Import Request.
  Time since last request: 0.000017 seconds.
  path: Assets/Packs/Environment/Mega Fantasy Props Pack/FBX/bench.fbx
  artifactKey: Guid(e0af6bab42ecbfe43a866bd91b0bcdae) Importer(815301076,1909f56bfc062723c751e8b465ee728b)
Start importing Assets/Packs/Environment/Mega Fantasy Props Pack/FBX/bench.fbx using Guid(e0af6bab42ecbfe43a866bd91b0bcdae) Importer(815301076,1909f56bfc062723c751e8b465ee728b)  -> (artifact id: '7a4c53f3ea8fe736b127203d3471184c') in 0.021150 seconds 
========================================================================
Received Import Request.
  Time since last request: 0.000021 seconds.
  path: Assets/Packs/Environment/Mega Fantasy Props Pack/FBX/basket.fbx
  artifactKey: Guid(c9f241be888139c4fb58d36439c0fba0) Importer(815301076,1909f56bfc062723c751e8b465ee728b)
Start importing Assets/Packs/Environment/Mega Fantasy Props Pack/FBX/basket.fbx using Guid(c9f241be888139c4fb58d36439c0fba0) Importer(815301076,1909f56bfc062723c751e8b465ee728b)  -> (artifact id: '0cd92bfe1a6e864e4b8a72be563f9413') in 0.026288 seconds 
========================================================================
Received Import Request.
  Time since last request: 2.276288 seconds.
  path: Assets/Packs/Environment/Mega Fantasy Props Pack/FBX/brick.010.fbx
  artifactKey: Guid(d340a00e1b801114ca25887059546691) Importer(815301076,1909f56bfc062723c751e8b465ee728b)
Start importing Assets/Packs/Environment/Mega Fantasy Props Pack/FBX/brick.010.fbx using Guid(d340a00e1b801114ca25887059546691) Importer(815301076,1909f56bfc062723c751e8b465ee728b)  -> (artifact id: '7dca1c754b35e1a8fffeda7571d2c701') in 0.019795 seconds 
========================================================================
Received Import Request.
  Time since last request: 0.000015 seconds.
  path: Assets/Packs/Environment/Mega Fantasy Props Pack/FBX/brick.025.fbx
  artifactKey: Guid(d2d8f38a68524c64fad4b0c977d02426) Importer(815301076,1909f56bfc062723c751e8b465ee728b)
Start importing Assets/Packs/Environment/Mega Fantasy Props Pack/FBX/brick.025.fbx using Guid(d2d8f38a68524c64fad4b0c977d02426) Importer(815301076,1909f56bfc062723c751e8b465ee728b)  -> (artifact id: 'fd3dce1479f910e870ba9f799a45ed33') in 0.018582 seconds 
========================================================================
Received Import Request.
  Time since last request: 0.000021 seconds.
  path: Assets/Packs/Environment/Mega Fantasy Props Pack/FBX/brick.022.fbx
  artifactKey: Guid(2a28eab3ab84a4e4d9ba26d3c3cfb965) Importer(815301076,1909f56bfc062723c751e8b465ee728b)
Start importing Assets/Packs/Environment/Mega Fantasy Props Pack/FBX/brick.022.fbx using Guid(2a28eab3ab84a4e4d9ba26d3c3cfb965) Importer(815301076,1909f56bfc062723c751e8b465ee728b)  -> (artifact id: '48b4d2169d50c157711f294d506f98e1') in 0.021158 seconds 
========================================================================
Received Import Request.
  Time since last request: 0.000022 seconds.
  path: Assets/Packs/Environment/Mega Fantasy Props Pack/FBX/brick.016.fbx
  artifactKey: Guid(eb9f4dd3cdb919245bcd7491f9b5e25b) Importer(815301076,1909f56bfc062723c751e8b465ee728b)
Start importing Assets/Packs/Environment/Mega Fantasy Props Pack/FBX/brick.016.fbx using Guid(eb9f4dd3cdb919245bcd7491f9b5e25b) Importer(815301076,1909f56bfc062723c751e8b465ee728b)  -> (artifact id: 'eed3e2688558c43f0f3068301b910c82') in 0.017375 seconds 
========================================================================
Received Import Request.
  Time since last request: 0.000015 seconds.
  path: Assets/Packs/Environment/Mega Fantasy Props Pack/FBX/brick.017.fbx
  artifactKey: Guid(559fc44945c9728489f82888cceb364f) Importer(815301076,1909f56bfc062723c751e8b465ee728b)
Start importing Assets/Packs/Environment/Mega Fantasy Props Pack/FBX/brick.017.fbx using Guid(559fc44945c9728489f82888cceb364f) Importer(815301076,1909f56bfc062723c751e8b465ee728b)  -> (artifact id: '6bb1552171ea2d600a021c802aec0321') in 0.017535 seconds 
========================================================================
Received Import Request.
  Time since last request: 1.218517 seconds.
  path: Assets/Packs/Environment/Mega Fantasy Props Pack/FBX/brick.fbx
  artifactKey: Guid(fc9d2c6141cf1854c8da41b636f78134) Importer(815301076,1909f56bfc062723c751e8b465ee728b)
Start importing Assets/Packs/Environment/Mega Fantasy Props Pack/FBX/brick.fbx using Guid(fc9d2c6141cf1854c8da41b636f78134) Importer(815301076,1909f56bfc062723c751e8b465ee728b)  -> (artifact id: '7170b36ff9698dc21578a851baf91f58') in 0.019658 seconds 
========================================================================
Received Import Request.
  Time since last request: 0.000015 seconds.
  path: Assets/Packs/Environment/Mega Fantasy Props Pack/FBX/chair.003.fbx
  artifactKey: Guid(44240acd758fe7a4a98f9cc25ad62426) Importer(815301076,1909f56bfc062723c751e8b465ee728b)
Start importing Assets/Packs/Environment/Mega Fantasy Props Pack/FBX/chair.003.fbx using Guid(44240acd758fe7a4a98f9cc25ad62426) Importer(815301076,1909f56bfc062723c751e8b465ee728b)  -> (artifact id: 'ba85a56875ace94abe39ab67cb5d5e3b') in 0.022225 seconds 
========================================================================
Received Import Request.
  Time since last request: 0.000019 seconds.
  path: Assets/Packs/Environment/Mega Fantasy Props Pack/FBX/carpet.fbx
  artifactKey: Guid(e2a8e210fce5ca942bcf577bb0b303f9) Importer(815301076,1909f56bfc062723c751e8b465ee728b)
Start importing Assets/Packs/Environment/Mega Fantasy Props Pack/FBX/carpet.fbx using Guid(e2a8e210fce5ca942bcf577bb0b303f9) Importer(815301076,1909f56bfc062723c751e8b465ee728b)  -> (artifact id: '9294bc617c259b11386b40607248e183') in 0.019569 seconds 
========================================================================
Received Import Request.
  Time since last request: 0.000018 seconds.
  path: Assets/Packs/Environment/Mega Fantasy Props Pack/FBX/candle.003.fbx
  artifactKey: Guid(66855ff27e4b6c944ae3c27445928336) Importer(815301076,1909f56bfc062723c751e8b465ee728b)
Start importing Assets/Packs/Environment/Mega Fantasy Props Pack/FBX/candle.003.fbx using Guid(66855ff27e4b6c944ae3c27445928336) Importer(815301076,1909f56bfc062723c751e8b465ee728b)  -> (artifact id: 'e3b8364a179bc4d0297fc58691b7193d') in 0.125493 seconds 
========================================================================
Received Import Request.
  Time since last request: 0.000027 seconds.
  path: Assets/Packs/Environment/Mega Fantasy Props Pack/FBX/chair.001.fbx
  artifactKey: Guid(d0bab24775481a74cb692671fee2d09d) Importer(815301076,1909f56bfc062723c751e8b465ee728b)
Start importing Assets/Packs/Environment/Mega Fantasy Props Pack/FBX/chair.001.fbx using Guid(d0bab24775481a74cb692671fee2d09d) Importer(815301076,1909f56bfc062723c751e8b465ee728b)  -> (artifact id: '6c3d5d0c5826fa3b3d4aa3340618bab6') in 0.021012 seconds 
========================================================================
Received Import Request.
  Time since last request: 0.000023 seconds.
  path: Assets/Packs/Environment/Mega Fantasy Props Pack/FBX/cutting_board.002.fbx
  artifactKey: Guid(40b3cad597a9a1949840d212cc282bc0) Importer(815301076,1909f56bfc062723c751e8b465ee728b)
Start importing Assets/Packs/Environment/Mega Fantasy Props Pack/FBX/cutting_board.002.fbx using Guid(40b3cad597a9a1949840d212cc282bc0) Importer(815301076,1909f56bfc062723c751e8b465ee728b)  -> (artifact id: '88d715f64506cbb026242af3ca5865cb') in 0.020055 seconds 
========================================================================
Received Import Request.
  Time since last request: 0.000026 seconds.
  path: Assets/Packs/Environment/Mega Fantasy Props Pack/FBX/candle.fbx
  artifactKey: Guid(2a3f8090f2c9a654b9b4cb36280e1a65) Importer(815301076,1909f56bfc062723c751e8b465ee728b)
Start importing Assets/Packs/Environment/Mega Fantasy Props Pack/FBX/candle.fbx using Guid(2a3f8090f2c9a654b9b4cb36280e1a65) Importer(815301076,1909f56bfc062723c751e8b465ee728b)  -> (artifact id: '1bc384a8f0f01f954842060f581b3b47') in 0.023325 seconds 
========================================================================
Received Import Request.
  Time since last request: 1.771201 seconds.
  path: Assets/Packs/Environment/Mega Fantasy Props Pack/FBX/fence.004.fbx
  artifactKey: Guid(1b8e8ae1e42e80b448d30e25ee47814e) Importer(815301076,1909f56bfc062723c751e8b465ee728b)
Start importing Assets/Packs/Environment/Mega Fantasy Props Pack/FBX/fence.004.fbx using Guid(1b8e8ae1e42e80b448d30e25ee47814e) Importer(815301076,1909f56bfc062723c751e8b465ee728b)  -> (artifact id: 'ce9f44b1add927335a618ae427d165c8') in 0.021871 seconds 
========================================================================
Received Import Request.
  Time since last request: 0.000014 seconds.
  path: Assets/Packs/Environment/Mega Fantasy Props Pack/FBX/firewood_single.fbx
  artifactKey: Guid(70e95b1800ece4e4dbc6e3b7bec606ad) Importer(815301076,1909f56bfc062723c751e8b465ee728b)
Start importing Assets/Packs/Environment/Mega Fantasy Props Pack/FBX/firewood_single.fbx using Guid(70e95b1800ece4e4dbc6e3b7bec606ad) Importer(815301076,1909f56bfc062723c751e8b465ee728b)  -> (artifact id: 'c10e69b21e89db3ad3ab72089c1ffcc2') in 0.031182 seconds 
========================================================================
Received Import Request.
  Time since last request: 0.000020 seconds.
  path: Assets/Packs/Environment/Mega Fantasy Props Pack/FBX/firewood.001.fbx
  artifactKey: Guid(6bd646f0e9bb4e5489ef1d99946e81ea) Importer(815301076,1909f56bfc062723c751e8b465ee728b)
Start importing Assets/Packs/Environment/Mega Fantasy Props Pack/FBX/firewood.001.fbx using Guid(6bd646f0e9bb4e5489ef1d99946e81ea) Importer(815301076,1909f56bfc062723c751e8b465ee728b)  -> (artifact id: '1afd505a7831594f7238ebc2702796bf') in 0.033977 seconds 
========================================================================
Received Import Request.
  Time since last request: 0.000021 seconds.
  path: Assets/Packs/Environment/Mega Fantasy Props Pack/FBX/gabinet.001.fbx
  artifactKey: Guid(0a0720718b522814fab84572692ff8ae) Importer(815301076,1909f56bfc062723c751e8b465ee728b)
Start importing Assets/Packs/Environment/Mega Fantasy Props Pack/FBX/gabinet.001.fbx using Guid(0a0720718b522814fab84572692ff8ae) Importer(815301076,1909f56bfc062723c751e8b465ee728b)  -> (artifact id: '4f99bb0bcf94bf556fd745a78af5033f') in 0.019252 seconds 
========================================================================
Received Import Request.
  Time since last request: 0.000016 seconds.
  path: Assets/Packs/Environment/Mega Fantasy Props Pack/FBX/platform.fbx
  artifactKey: Guid(a3df8d195cffbc14baca97db6d48a84a) Importer(815301076,1909f56bfc062723c751e8b465ee728b)
Start importing Assets/Packs/Environment/Mega Fantasy Props Pack/FBX/platform.fbx using Guid(a3df8d195cffbc14baca97db6d48a84a) Importer(815301076,1909f56bfc062723c751e8b465ee728b)  -> (artifact id: '080c0535fff933f4cc0feb083c05151a') in 0.026283 seconds 
========================================================================
Received Import Request.
  Time since last request: 0.000060 seconds.
  path: Assets/Packs/Environment/Mega Fantasy Props Pack/FBX/pot.001.fbx
  artifactKey: Guid(4da8f1f713bb4b74d9abf3e52073640f) Importer(815301076,1909f56bfc062723c751e8b465ee728b)
Start importing Assets/Packs/Environment/Mega Fantasy Props Pack/FBX/pot.001.fbx using Guid(4da8f1f713bb4b74d9abf3e52073640f) Importer(815301076,1909f56bfc062723c751e8b465ee728b)  -> (artifact id: '6c0aaad4145b282a15b157287ab7a5dc') in 0.029484 seconds 
========================================================================
Received Import Request.
  Time since last request: 0.000023 seconds.
  path: Assets/Packs/Environment/Mega Fantasy Props Pack/FBX/platform.003.fbx
  artifactKey: Guid(2d34af1f94388b649b0d4cfca24ddad0) Importer(815301076,1909f56bfc062723c751e8b465ee728b)
Start importing Assets/Packs/Environment/Mega Fantasy Props Pack/FBX/platform.003.fbx using Guid(2d34af1f94388b649b0d4cfca24ddad0) Importer(815301076,1909f56bfc062723c751e8b465ee728b)  -> (artifact id: '1a6dce8e93a85b95831ed0a0082afedb') in 0.025715 seconds 
========================================================================
Received Import Request.
  Time since last request: 0.000020 seconds.
  path: Assets/Packs/Environment/Mega Fantasy Props Pack/FBX/sawing_wood.fbx
  artifactKey: Guid(481f3c49bab8cb147b9063e6cde9e858) Importer(815301076,1909f56bfc062723c751e8b465ee728b)
Start importing Assets/Packs/Environment/Mega Fantasy Props Pack/FBX/sawing_wood.fbx using Guid(481f3c49bab8cb147b9063e6cde9e858) Importer(815301076,1909f56bfc062723c751e8b465ee728b)  -> (artifact id: '1d0518364888d7ff30fa4582338111de') in 0.039114 seconds 
========================================================================
Received Import Request.
  Time since last request: 2.424983 seconds.
  path: Assets/Packs/Environment/Mega Fantasy Props Pack/FBX/scroll.fbx
  artifactKey: Guid(9fad38ab673e5aa47a08b7b438256715) Importer(815301076,1909f56bfc062723c751e8b465ee728b)
Start importing Assets/Packs/Environment/Mega Fantasy Props Pack/FBX/scroll.fbx using Guid(9fad38ab673e5aa47a08b7b438256715) Importer(815301076,1909f56bfc062723c751e8b465ee728b)  -> (artifact id: '038bfd28ea3ca8cc383eaad2423302d7') in 0.020475 seconds 
========================================================================
Received Import Request.
  Time since last request: 0.000017 seconds.
  path: Assets/Packs/Environment/Mega Fantasy Props Pack/FBX/stone_column.fbx
  artifactKey: Guid(3c9735499aa667a48b999ef393352b86) Importer(815301076,1909f56bfc062723c751e8b465ee728b)
Start importing Assets/Packs/Environment/Mega Fantasy Props Pack/FBX/stone_column.fbx using Guid(3c9735499aa667a48b999ef393352b86) Importer(815301076,1909f56bfc062723c751e8b465ee728b)  -> (artifact id: '9bbef8c109f45c5d2d96825d66139c80') in 0.020300 seconds 
========================================================================
Received Import Request.
  Time since last request: 0.000028 seconds.
  path: Assets/Packs/Environment/Mega Fantasy Props Pack/FBX/stone_bridge.fbx
  artifactKey: Guid(cf93f0a1670f7444d94ba7b2db644663) Importer(815301076,1909f56bfc062723c751e8b465ee728b)
Start importing Assets/Packs/Environment/Mega Fantasy Props Pack/FBX/stone_bridge.fbx using Guid(cf93f0a1670f7444d94ba7b2db644663) Importer(815301076,1909f56bfc062723c751e8b465ee728b)  -> (artifact id: 'c7fb5bd8b3eb8238e0c8bdf0002f5101') in 0.147038 seconds 
========================================================================
Received Import Request.
  Time since last request: 0.000052 seconds.
  path: Assets/Packs/Environment/Mega Fantasy Props Pack/FBX/table.003.fbx
  artifactKey: Guid(c9fb5e609c85fdb4eb0ce0b199981fa9) Importer(815301076,1909f56bfc062723c751e8b465ee728b)
Start importing Assets/Packs/Environment/Mega Fantasy Props Pack/FBX/table.003.fbx using Guid(c9fb5e609c85fdb4eb0ce0b199981fa9) Importer(815301076,1909f56bfc062723c751e8b465ee728b)  -> (artifact id: '9ad573eb5a09e056bea09f51c4452d1a') in 0.022003 seconds 
========================================================================
Received Import Request.
  Time since last request: 0.000021 seconds.
  path: Assets/Packs/Environment/Mega Fantasy Props Pack/FBX/table.005.fbx
  artifactKey: Guid(f9716e096f518fb4fb2a8df53aa3b2c0) Importer(815301076,1909f56bfc062723c751e8b465ee728b)
Start importing Assets/Packs/Environment/Mega Fantasy Props Pack/FBX/table.005.fbx using Guid(f9716e096f518fb4fb2a8df53aa3b2c0) Importer(815301076,1909f56bfc062723c751e8b465ee728b)  -> (artifact id: '3137270cc100b30e4410cee3c41e0773') in 0.020643 seconds 
========================================================================
Received Import Request.
  Time since last request: 0.000018 seconds.
  path: Assets/Packs/Environment/Mega Fantasy Props Pack/FBX/stone_wall_detailed_corner.fbx
  artifactKey: Guid(9feaf10591bde4945a982cdafc91de35) Importer(815301076,1909f56bfc062723c751e8b465ee728b)
Start importing Assets/Packs/Environment/Mega Fantasy Props Pack/FBX/stone_wall_detailed_corner.fbx using Guid(9feaf10591bde4945a982cdafc91de35) Importer(815301076,1909f56bfc062723c751e8b465ee728b)  -> (artifact id: '307524c137ae50f94275c4a32cdc38be') in 0.024460 seconds 
========================================================================
Received Import Request.
  Time since last request: 4.313987 seconds.
  path: Assets/Packs/Environment/Mega Fantasy Props Pack/FBX/tower_enter.fbx
  artifactKey: Guid(11a76e6e49aa2634bb926e23b494a953) Importer(815301076,1909f56bfc062723c751e8b465ee728b)
Start importing Assets/Packs/Environment/Mega Fantasy Props Pack/FBX/tower_enter.fbx using Guid(11a76e6e49aa2634bb926e23b494a953) Importer(815301076,1909f56bfc062723c751e8b465ee728b)  -> (artifact id: '33b71f0b77401027dee59274499bc169') in 0.018976 seconds 
========================================================================
Received Import Request.
  Time since last request: 0.000017 seconds.
  path: Assets/Packs/Environment/Mega Fantasy Props Pack/FBX/tower_small_enter.fbx
  artifactKey: Guid(c409e530f4aabed4bad488a1c1b0e443) Importer(815301076,1909f56bfc062723c751e8b465ee728b)
Start importing Assets/Packs/Environment/Mega Fantasy Props Pack/FBX/tower_small_enter.fbx using Guid(c409e530f4aabed4bad488a1c1b0e443) Importer(815301076,1909f56bfc062723c751e8b465ee728b)  -> (artifact id: 'a1d3b68f8d6361dcf6f8a8d305264bf5') in 0.020760 seconds 
========================================================================
Received Import Request.
  Time since last request: 0.000022 seconds.
  path: Assets/Packs/Environment/Mega Fantasy Props Pack/FBX/tower_small.fbx
  artifactKey: Guid(8ddafc4b5ca1a40449ec51e8003498ca) Importer(815301076,1909f56bfc062723c751e8b465ee728b)
Start importing Assets/Packs/Environment/Mega Fantasy Props Pack/FBX/tower_small.fbx using Guid(8ddafc4b5ca1a40449ec51e8003498ca) Importer(815301076,1909f56bfc062723c751e8b465ee728b)  -> (artifact id: 'bc89d6f17069eebd87ed177eb428eb95') in 0.016367 seconds 
========================================================================
Received Import Request.
  Time since last request: 0.000025 seconds.
  path: Assets/Packs/Environment/Mega Fantasy Props Pack/FBX/tower_small_window.002.fbx
  artifactKey: Guid(266fe229294ac294ea2417024d065035) Importer(815301076,1909f56bfc062723c751e8b465ee728b)
Start importing Assets/Packs/Environment/Mega Fantasy Props Pack/FBX/tower_small_window.002.fbx using Guid(266fe229294ac294ea2417024d065035) Importer(815301076,1909f56bfc062723c751e8b465ee728b)  -> (artifact id: '860f48a031a2896c8a7b1cd599b6d4ba') in 0.017032 seconds 
========================================================================
Received Import Request.
  Time since last request: 0.000032 seconds.
  path: Assets/Packs/Environment/Mega Fantasy Props Pack/FBX/tower_stair_stone.fbx
  artifactKey: Guid(a5fb9afc02d44814b8780c9322bb806f) Importer(815301076,1909f56bfc062723c751e8b465ee728b)
Start importing Assets/Packs/Environment/Mega Fantasy Props Pack/FBX/tower_stair_stone.fbx using Guid(a5fb9afc02d44814b8780c9322bb806f) Importer(815301076,1909f56bfc062723c751e8b465ee728b)  -> (artifact id: '3b302aa86d9e5701dbccd004603025e5') in 0.017153 seconds 
========================================================================
Received Import Request.
  Time since last request: 0.021538 seconds.
  path: Assets/Packs/Environment/Mega Fantasy Props Pack/FBX/tower_window.000.fbx
  artifactKey: Guid(1560dff051510ec42aec30514022295e) Importer(815301076,1909f56bfc062723c751e8b465ee728b)
Start importing Assets/Packs/Environment/Mega Fantasy Props Pack/FBX/tower_window.000.fbx using Guid(1560dff051510ec42aec30514022295e) Importer(815301076,1909f56bfc062723c751e8b465ee728b)  -> (artifact id: '55a7e0a2ecaec9b1430a02b5c3cede77') in 0.021561 seconds 
========================================================================
Received Import Request.
  Time since last request: 0.000015 seconds.
  path: Assets/Packs/Environment/Mega Fantasy Props Pack/FBX/wall_passage.004.fbx
  artifactKey: Guid(3269832dc471d0c40a8b5c49e8d067e6) Importer(815301076,1909f56bfc062723c751e8b465ee728b)
Start importing Assets/Packs/Environment/Mega Fantasy Props Pack/FBX/wall_passage.004.fbx using Guid(3269832dc471d0c40a8b5c49e8d067e6) Importer(815301076,1909f56bfc062723c751e8b465ee728b)  -> (artifact id: '71044d7d5b3b2b20b02b7aa8efefcad1') in 0.038667 seconds 
========================================================================
Received Import Request.
  Time since last request: 0.000018 seconds.
  path: Assets/Packs/Environment/Mega Fantasy Props Pack/FBX/wall_passage.003.fbx
  artifactKey: Guid(b002a80d670982e4fb77d2b0e2e94f06) Importer(815301076,1909f56bfc062723c751e8b465ee728b)
Start importing Assets/Packs/Environment/Mega Fantasy Props Pack/FBX/wall_passage.003.fbx using Guid(b002a80d670982e4fb77d2b0e2e94f06) Importer(815301076,1909f56bfc062723c751e8b465ee728b)  -> (artifact id: '7c2fafe00e8c48be59d88492e331f6f6') in 0.029442 seconds 
========================================================================
Received Import Request.
  Time since last request: 0.000022 seconds.
  path: Assets/Packs/Environment/Mega Fantasy Props Pack/FBX/tree.fbx
  artifactKey: Guid(5e8fe6e9b49d874468321529c49ea8ec) Importer(815301076,1909f56bfc062723c751e8b465ee728b)
Start importing Assets/Packs/Environment/Mega Fantasy Props Pack/FBX/tree.fbx using Guid(5e8fe6e9b49d874468321529c49ea8ec) Importer(815301076,1909f56bfc062723c751e8b465ee728b)  -> (artifact id: 'f1bcca285a404fe335e0a523311152a9') in 0.018411 seconds 
========================================================================
Received Import Request.
  Time since last request: 1.968332 seconds.
  path: Assets/Packs/Environment/Mega Fantasy Props Pack/FBX/wall_passage.006.fbx
  artifactKey: Guid(58a7dcbd51fd27c46b2665b1f651b4ca) Importer(815301076,1909f56bfc062723c751e8b465ee728b)
Start importing Assets/Packs/Environment/Mega Fantasy Props Pack/FBX/wall_passage.006.fbx using Guid(58a7dcbd51fd27c46b2665b1f651b4ca) Importer(815301076,1909f56bfc062723c751e8b465ee728b)  -> (artifact id: 'd6a5cb6a4c3e12282f71a8f9d17ff513') in 0.031739 seconds 
========================================================================
Received Import Request.
  Time since last request: 0.000024 seconds.
  path: Assets/Packs/Environment/Mega Fantasy Props Pack/FBX/wall_short_no_side.fbx
  artifactKey: Guid(f0f4a930095f99a43966dc253580281c) Importer(815301076,1909f56bfc062723c751e8b465ee728b)
Start importing Assets/Packs/Environment/Mega Fantasy Props Pack/FBX/wall_short_no_side.fbx using Guid(f0f4a930095f99a43966dc253580281c) Importer(815301076,1909f56bfc062723c751e8b465ee728b)  -> (artifact id: '774e907d2bd0fce5592cb8b454fa9693') in 0.022492 seconds 
========================================================================
Received Import Request.
  Time since last request: 0.000029 seconds.
  path: Assets/Packs/Environment/Mega Fantasy Props Pack/FBX/windbreak_expensive.002.fbx
  artifactKey: Guid(74d27245b391986449d0ff12c29a83d1) Importer(815301076,1909f56bfc062723c751e8b465ee728b)
Start importing Assets/Packs/Environment/Mega Fantasy Props Pack/FBX/windbreak_expensive.002.fbx using Guid(74d27245b391986449d0ff12c29a83d1) Importer(815301076,1909f56bfc062723c751e8b465ee728b)  -> (artifact id: '79f0610da9caa0147e71ab758a714ef9') in 0.024111 seconds 
========================================================================
Received Import Request.
  Time since last request: 0.000078 seconds.
  path: Assets/Packs/Environment/Mega Fantasy Props Pack/FBX/windbreak_expensive.fbx
  artifactKey: Guid(d194048773bcce445a56113acb3d1a08) Importer(815301076,1909f56bfc062723c751e8b465ee728b)
Start importing Assets/Packs/Environment/Mega Fantasy Props Pack/FBX/windbreak_expensive.fbx using Guid(d194048773bcce445a56113acb3d1a08) Importer(815301076,1909f56bfc062723c751e8b465ee728b)  -> (artifact id: 'e110c86be4424fb11a65725f7f930510') in 0.023857 seconds 
========================================================================
Received Import Request.
  Time since last request: 1.983690 seconds.
  path: Assets/Packs/Environment/Mega Fantasy Props Pack/FBX/wood_bridge.000.fbx
  artifactKey: Guid(c5c821d1091df6c4ab6c1c3e949eb281) Importer(815301076,1909f56bfc062723c751e8b465ee728b)
Start importing Assets/Packs/Environment/Mega Fantasy Props Pack/FBX/wood_bridge.000.fbx using Guid(c5c821d1091df6c4ab6c1c3e949eb281) Importer(815301076,1909f56bfc062723c751e8b465ee728b)  -> (artifact id: '58ff8c8249f1da4aacf26dcaa7e3b786') in 0.023819 seconds 
========================================================================
Received Import Request.
  Time since last request: 0.000020 seconds.
  path: Assets/Packs/Environment/Mega Fantasy Props Pack/FBX/wood_column.002.fbx
  artifactKey: Guid(2d7d69a01495bd94da0cbe49a00ab2a7) Importer(815301076,1909f56bfc062723c751e8b465ee728b)
Start importing Assets/Packs/Environment/Mega Fantasy Props Pack/FBX/wood_column.002.fbx using Guid(2d7d69a01495bd94da0cbe49a00ab2a7) Importer(815301076,1909f56bfc062723c751e8b465ee728b)  -> (artifact id: '7603d7867d3aae74b1ed59f625c956db') in 0.019661 seconds 
========================================================================
Received Import Request.
  Time since last request: 0.000017 seconds.
  path: Assets/Packs/Environment/Mega Fantasy Props Pack/FBX/wood_column.005.fbx
  artifactKey: Guid(75430bad6ea5f734aad147383769dd78) Importer(815301076,1909f56bfc062723c751e8b465ee728b)
Start importing Assets/Packs/Environment/Mega Fantasy Props Pack/FBX/wood_column.005.fbx using Guid(75430bad6ea5f734aad147383769dd78) Importer(815301076,1909f56bfc062723c751e8b465ee728b)  -> (artifact id: '6f6bad68f3d48d623401483f7bdbe02a') in 0.017048 seconds 
========================================================================
Received Import Request.
  Time since last request: 0.000042 seconds.
  path: Assets/Packs/Environment/Mega Fantasy Props Pack/FBX/wood_bridge.007.fbx
  artifactKey: Guid(72b809b5790b54540a5f0b1bda7d8984) Importer(815301076,1909f56bfc062723c751e8b465ee728b)
Start importing Assets/Packs/Environment/Mega Fantasy Props Pack/FBX/wood_bridge.007.fbx using Guid(72b809b5790b54540a5f0b1bda7d8984) Importer(815301076,1909f56bfc062723c751e8b465ee728b)  -> (artifact id: '88be37fb1596765ea27041c7e36bea35') in 0.021587 seconds 
========================================================================
Received Import Request.
  Time since last request: 0.000028 seconds.
  path: Assets/Packs/Environment/Mega Fantasy Props Pack/FBX/wood_wall.007.fbx
  artifactKey: Guid(7ec77cb11305cae47b803cf734a41e70) Importer(815301076,1909f56bfc062723c751e8b465ee728b)
Start importing Assets/Packs/Environment/Mega Fantasy Props Pack/FBX/wood_wall.007.fbx using Guid(7ec77cb11305cae47b803cf734a41e70) Importer(815301076,1909f56bfc062723c751e8b465ee728b)  -> (artifact id: '21f57026b4f852ed4d604f31371b7086') in 0.020121 seconds 
========================================================================
Received Import Request.
  Time since last request: 0.000024 seconds.
  path: Assets/Packs/Environment/Mega Fantasy Props Pack/FBX/wood_wall.013.fbx
  artifactKey: Guid(87702aeef205f8f4686beac5aa389f1a) Importer(815301076,1909f56bfc062723c751e8b465ee728b)
Start importing Assets/Packs/Environment/Mega Fantasy Props Pack/FBX/wood_wall.013.fbx using Guid(87702aeef205f8f4686beac5aa389f1a) Importer(815301076,1909f56bfc062723c751e8b465ee728b)  -> (artifact id: '440157f8c4d16957c0264273f9197707') in 0.019206 seconds 
========================================================================
Received Import Request.
  Time since last request: 0.000019 seconds.
  path: Assets/Packs/Environment/Mega Fantasy Props Pack/FBX/wood_wall.009.fbx
  artifactKey: Guid(c0baf38d9acca5542a5b65311ee027fd) Importer(815301076,1909f56bfc062723c751e8b465ee728b)
Start importing Assets/Packs/Environment/Mega Fantasy Props Pack/FBX/wood_wall.009.fbx using Guid(c0baf38d9acca5542a5b65311ee027fd) Importer(815301076,1909f56bfc062723c751e8b465ee728b)  -> (artifact id: 'db24ce7c8df203c622462e771de63216') in 0.017094 seconds 
========================================================================
Received Import Request.
  Time since last request: 0.000027 seconds.
  path: Assets/Packs/Environment/Mega Fantasy Props Pack/FBX/wood_stairs.fbx
  artifactKey: Guid(1679e71049dd8c645b07dbcbc2787372) Importer(815301076,1909f56bfc062723c751e8b465ee728b)
Start importing Assets/Packs/Environment/Mega Fantasy Props Pack/FBX/wood_stairs.fbx using Guid(1679e71049dd8c645b07dbcbc2787372) Importer(815301076,1909f56bfc062723c751e8b465ee728b)  -> (artifact id: 'eeb96be93265a9c3f848ca2208801902') in 0.016940 seconds 
========================================================================
Received Import Request.
  Time since last request: 0.000035 seconds.
  path: Assets/Packs/Environment/Mega Fantasy Props Pack/FBX/wood_column.003.fbx
  artifactKey: Guid(7c165e7cf498f6d4e99a872c0ca6510b) Importer(815301076,1909f56bfc062723c751e8b465ee728b)
Start importing Assets/Packs/Environment/Mega Fantasy Props Pack/FBX/wood_column.003.fbx using Guid(7c165e7cf498f6d4e99a872c0ca6510b) Importer(815301076,1909f56bfc062723c751e8b465ee728b)  -> (artifact id: 'f286c16a5d20c52a28ce43eaf03afe78') in 0.019012 seconds 
========================================================================
Received Import Request.
  Time since last request: 0.911942 seconds.
  path: Assets/Packs/Environment/Mega Fantasy Props Pack/FBX/wood_wall.014.fbx
  artifactKey: Guid(bd97669d51f5a43498ab4ea2cdbf72df) Importer(815301076,1909f56bfc062723c751e8b465ee728b)
Start importing Assets/Packs/Environment/Mega Fantasy Props Pack/FBX/wood_wall.014.fbx using Guid(bd97669d51f5a43498ab4ea2cdbf72df) Importer(815301076,1909f56bfc062723c751e8b465ee728b)  -> (artifact id: 'b5261af30a0a183ce8b936aff24ddaa8') in 0.025674 seconds 
========================================================================
Received Import Request.
  Time since last request: 0.000015 seconds.
  path: Assets/Packs/Environment/Mega Fantasy Props Pack/FBX/wood_wall_enter.009.fbx
  artifactKey: Guid(f83bc9ea9b5e34f41b3881b8fd9a0a41) Importer(815301076,1909f56bfc062723c751e8b465ee728b)
Start importing Assets/Packs/Environment/Mega Fantasy Props Pack/FBX/wood_wall_enter.009.fbx using Guid(f83bc9ea9b5e34f41b3881b8fd9a0a41) Importer(815301076,1909f56bfc062723c751e8b465ee728b)  -> (artifact id: 'a189d1b0714f63e03c50d7c7d24805eb') in 0.024907 seconds 
========================================================================
Received Import Request.
  Time since last request: 0.000014 seconds.
  path: Assets/Packs/Environment/Mega Fantasy Props Pack/FBX/wood_wall.021.fbx
  artifactKey: Guid(d557956c4b7d5eb43a3748398bd39c1f) Importer(815301076,1909f56bfc062723c751e8b465ee728b)
Start importing Assets/Packs/Environment/Mega Fantasy Props Pack/FBX/wood_wall.021.fbx using Guid(d557956c4b7d5eb43a3748398bd39c1f) Importer(815301076,1909f56bfc062723c751e8b465ee728b)  -> (artifact id: 'ef009f7c92d05705012e3827fe0b5c3a') in 0.028493 seconds 
========================================================================
Received Import Request.
  Time since last request: 0.000014 seconds.
  path: Assets/Packs/Environment/Mega Fantasy Props Pack/FBX/wood_wall_enter.006.fbx
  artifactKey: Guid(d7a6647841b0ab34d901780e434dc264) Importer(815301076,1909f56bfc062723c751e8b465ee728b)
Start importing Assets/Packs/Environment/Mega Fantasy Props Pack/FBX/wood_wall_enter.006.fbx using Guid(d7a6647841b0ab34d901780e434dc264) Importer(815301076,1909f56bfc062723c751e8b465ee728b)  -> (artifact id: '30d39323c89726ae54aa06e0357aa9b3') in 0.028892 seconds 
========================================================================
Received Import Request.
  Time since last request: 0.459343 seconds.
  path: Assets/Packs/Environment/Mega Fantasy Props Pack/FBX/wood_wall_window.001.fbx
  artifactKey: Guid(b593d803310cb7b4dacc7453687a649d) Importer(815301076,1909f56bfc062723c751e8b465ee728b)
Start importing Assets/Packs/Environment/Mega Fantasy Props Pack/FBX/wood_wall_window.001.fbx using Guid(b593d803310cb7b4dacc7453687a649d) Importer(815301076,1909f56bfc062723c751e8b465ee728b)  -> (artifact id: '1a69ecbcc5cd1b6a7007a7a09e9e7b27') in 0.025193 seconds 
========================================================================
Received Import Request.
  Time since last request: 0.000018 seconds.
  path: Assets/Packs/Environment/Mega Fantasy Props Pack/FBX/wood_wall_window.fbx
  artifactKey: Guid(46116c3664d32414d83f89a487e6d0dd) Importer(815301076,1909f56bfc062723c751e8b465ee728b)
Start importing Assets/Packs/Environment/Mega Fantasy Props Pack/FBX/wood_wall_window.fbx using Guid(46116c3664d32414d83f89a487e6d0dd) Importer(815301076,1909f56bfc062723c751e8b465ee728b)  -> (artifact id: '575ee7d82b33712a7470f7ba4400b070') in 0.031748 seconds 
========================================================================
Received Import Request.
  Time since last request: 3.012052 seconds.
  path: Assets/Packs/Environment/Mega Fantasy Props Pack/Materials/string.mat
  artifactKey: Guid(da27f5b7bdd1f3d4da0ab822cb7d1408) Importer(815301076,1909f56bfc062723c751e8b465ee728b)
Start importing Assets/Packs/Environment/Mega Fantasy Props Pack/Materials/string.mat using Guid(da27f5b7bdd1f3d4da0ab822cb7d1408) Importer(815301076,1909f56bfc062723c751e8b465ee728b)  -> (artifact id: 'f14432ad4f91b46669c344f76d4f814d') in 0.031650 seconds 
========================================================================
Received Import Request.
  Time since last request: 0.000014 seconds.
  path: Assets/Packs/Environment/Mega Fantasy Props Pack/Materials/wooden-boards-texture_dark_d.mat
  artifactKey: Guid(7b081be773367574e95bd41658134e7a) Importer(815301076,1909f56bfc062723c751e8b465ee728b)
Start importing Assets/Packs/Environment/Mega Fantasy Props Pack/Materials/wooden-boards-texture_dark_d.mat using Guid(7b081be773367574e95bd41658134e7a) Importer(815301076,1909f56bfc062723c751e8b465ee728b)  -> (artifact id: 'f580980e043f1efa81f4809b5c5892ad') in 0.014020 seconds 
========================================================================
Received Import Request.
  Time since last request: 0.000027 seconds.
  path: Assets/Packs/Environment/Mega Fantasy Props Pack/Materials/trunks_1_d.mat
  artifactKey: Guid(121b58f12db8b0e43adf87d1c1ef6b71) Importer(815301076,1909f56bfc062723c751e8b465ee728b)
Start importing Assets/Packs/Environment/Mega Fantasy Props Pack/Materials/trunks_1_d.mat using Guid(121b58f12db8b0e43adf87d1c1ef6b71) Importer(815301076,1909f56bfc062723c751e8b465ee728b)  -> (artifact id: 'f4ccf25ced2077233dd31abdea2f6cad') in 0.019915 seconds 
========================================================================
Received Import Request.
  Time since last request: 0.000040 seconds.
  path: Assets/Packs/Environment/Mega Fantasy Props Pack/Materials/wicker_1_d.mat
  artifactKey: Guid(af916d4cd654ba04e9c96a413899b9be) Importer(815301076,1909f56bfc062723c751e8b465ee728b)
Start importing Assets/Packs/Environment/Mega Fantasy Props Pack/Materials/wicker_1_d.mat using Guid(af916d4cd654ba04e9c96a413899b9be) Importer(815301076,1909f56bfc062723c751e8b465ee728b)  -> (artifact id: 'b5467b32e6cfa19ea332c5f30398b66b') in 0.012756 seconds 
========================================================================
Received Import Request.
  Time since last request: 0.887858 seconds.
  path: Assets/Packs/Environment/Mega Fantasy Props Pack/Materials/fabric_2_d.mat
  artifactKey: Guid(18a635f73de55b64e8204aaf6d8d55c9) Importer(815301076,1909f56bfc062723c751e8b465ee728b)
Start importing Assets/Packs/Environment/Mega Fantasy Props Pack/Materials/fabric_2_d.mat using Guid(18a635f73de55b64e8204aaf6d8d55c9) Importer(815301076,1909f56bfc062723c751e8b465ee728b)  -> (artifact id: 'b5d1695eac3f68231aecfa33f70b2c0e') in 0.013606 seconds 
========================================================================
Received Import Request.
  Time since last request: 0.000017 seconds.
  path: Assets/Packs/Environment/Mega Fantasy Props Pack/Materials/granite_1_d.mat
  artifactKey: Guid(965224637509ca24787fde060eea6f06) Importer(815301076,1909f56bfc062723c751e8b465ee728b)
Start importing Assets/Packs/Environment/Mega Fantasy Props Pack/Materials/granite_1_d.mat using Guid(965224637509ca24787fde060eea6f06) Importer(815301076,1909f56bfc062723c751e8b465ee728b)  -> (artifact id: 'c9730f2d01cdbaf4730f7da36f3e4d45') in 0.011663 seconds 
========================================================================
Received Import Request.
  Time since last request: 0.000018 seconds.
  path: Assets/Packs/Environment/Mega Fantasy Props Pack/Materials/gold.mat
  artifactKey: Guid(fd5793c2b2982d541a06c2303351d8eb) Importer(815301076,1909f56bfc062723c751e8b465ee728b)
Start importing Assets/Packs/Environment/Mega Fantasy Props Pack/Materials/gold.mat using Guid(fd5793c2b2982d541a06c2303351d8eb) Importer(815301076,1909f56bfc062723c751e8b465ee728b)  -> (artifact id: '53810ce058b7e16c0e938cb23c8ab4c8') in 0.011764 seconds 
========================================================================
Received Import Request.
  Time since last request: 0.000017 seconds.
  path: Assets/Packs/Environment/Mega Fantasy Props Pack/Materials/paper_single_page.mat
  artifactKey: Guid(51170788b33ba304aa4b68ffef5ba924) Importer(815301076,1909f56bfc062723c751e8b465ee728b)
Start importing Assets/Packs/Environment/Mega Fantasy Props Pack/Materials/paper_single_page.mat using Guid(51170788b33ba304aa4b68ffef5ba924) Importer(815301076,1909f56bfc062723c751e8b465ee728b)  -> (artifact id: 'a62bdb29ba091a6e43ae5f69a831051d') in 0.012696 seconds 
========================================================================
Received Import Request.
  Time since last request: 2.794813 seconds.
  path: Assets/Packs/Environment/Mega Fantasy Props Pack/Textures/bark_1_d.png
  artifactKey: Guid(112b19311e128794384e6e8e2947a707) Importer(815301076,1909f56bfc062723c751e8b465ee728b)
Start importing Assets/Packs/Environment/Mega Fantasy Props Pack/Textures/bark_1_d.png using Guid(112b19311e128794384e6e8e2947a707) Importer(815301076,1909f56bfc062723c751e8b465ee728b)  -> (artifact id: '044a2afd9ef4b292b0a62e7fd08cd901') in 0.011840 seconds 
========================================================================
Received Import Request.
  Time since last request: 0.000018 seconds.
  path: Assets/Packs/Environment/Mega Fantasy Props Pack/Textures/books_paper_o.png
  artifactKey: Guid(779f2579799dc664cbfb1a574b782f02) Importer(815301076,1909f56bfc062723c751e8b465ee728b)
Start importing Assets/Packs/Environment/Mega Fantasy Props Pack/Textures/books_paper_o.png using Guid(779f2579799dc664cbfb1a574b782f02) Importer(815301076,1909f56bfc062723c751e8b465ee728b)  -> (artifact id: '9a734f4322cc40fdadef79107c685fe3') in 0.008558 seconds 
========================================================================
Received Import Request.
  Time since last request: 0.000020 seconds.
  path: Assets/Packs/Environment/Mega Fantasy Props Pack/Textures/fabric_2_n.png
  artifactKey: Guid(d070d48846f4d1d4e96c8a9f8a2b194d) Importer(815301076,1909f56bfc062723c751e8b465ee728b)
Start importing Assets/Packs/Environment/Mega Fantasy Props Pack/Textures/fabric_2_n.png using Guid(d070d48846f4d1d4e96c8a9f8a2b194d) Importer(815301076,1909f56bfc062723c751e8b465ee728b)  -> (artifact id: '6b9f0a99d257551c3568b49a6ffcf85f') in 0.011150 seconds 
========================================================================
Received Import Request.
  Time since last request: 0.000016 seconds.
  path: Assets/Packs/Environment/Mega Fantasy Props Pack/Textures/dirt.mat
  artifactKey: Guid(e5a38c857a4489d4698c66b2c7368895) Importer(815301076,1909f56bfc062723c751e8b465ee728b)
Start importing Assets/Packs/Environment/Mega Fantasy Props Pack/Textures/dirt.mat using Guid(e5a38c857a4489d4698c66b2c7368895) Importer(815301076,1909f56bfc062723c751e8b465ee728b)  -> (artifact id: '4f4eb846f4bce6504b3596af294bc975') in 0.009052 seconds 
========================================================================
Received Import Request.
  Time since last request: 0.000019 seconds.
  path: Assets/Packs/Environment/Mega Fantasy Props Pack/Textures/fabric_3_o.png
  artifactKey: Guid(8b97f495abba4e5478f0190bfd1ffb7d) Importer(815301076,1909f56bfc062723c751e8b465ee728b)
Start importing Assets/Packs/Environment/Mega Fantasy Props Pack/Textures/fabric_3_o.png using Guid(8b97f495abba4e5478f0190bfd1ffb7d) Importer(815301076,1909f56bfc062723c751e8b465ee728b)  -> (artifact id: '51359e721d3714990c032b8d11cf6dcf') in 0.009176 seconds 
========================================================================
Received Import Request.
  Time since last request: 0.000033 seconds.
  path: Assets/Packs/Environment/Mega Fantasy Props Pack/Textures/clay_1_d.png
  artifactKey: Guid(fb3d17af5436f8d48b780cb54d5cbd19) Importer(815301076,1909f56bfc062723c751e8b465ee728b)
Start importing Assets/Packs/Environment/Mega Fantasy Props Pack/Textures/clay_1_d.png using Guid(fb3d17af5436f8d48b780cb54d5cbd19) Importer(815301076,1909f56bfc062723c751e8b465ee728b)  -> (artifact id: 'f3abbcfe175bc772ca1bf211c79e7f62') in 0.010454 seconds 
========================================================================
Received Import Request.
  Time since last request: 0.000025 seconds.
  path: Assets/Packs/Environment/Mega Fantasy Props Pack/Textures/fabric_2_s.png
  artifactKey: Guid(1fc91b8f2e42ac9438e7938a60e6ba9e) Importer(815301076,1909f56bfc062723c751e8b465ee728b)
Start importing Assets/Packs/Environment/Mega Fantasy Props Pack/Textures/fabric_2_s.png using Guid(1fc91b8f2e42ac9438e7938a60e6ba9e) Importer(815301076,1909f56bfc062723c751e8b465ee728b)  -> (artifact id: '88f0dd0a8b3864d6e6acd7673a753fc5') in 0.009461 seconds 
========================================================================
Received Import Request.
  Time since last request: 0.000029 seconds.
  path: Assets/Packs/Environment/Mega Fantasy Props Pack/Textures/fabric_3_d.png
  artifactKey: Guid(6375475255f0dcd4fa6418cf6f02ec40) Importer(815301076,1909f56bfc062723c751e8b465ee728b)
Start importing Assets/Packs/Environment/Mega Fantasy Props Pack/Textures/fabric_3_d.png using Guid(6375475255f0dcd4fa6418cf6f02ec40) Importer(815301076,1909f56bfc062723c751e8b465ee728b)  -> (artifact id: '41afd9921882bff76b32c9cc2a5836e7') in 0.012192 seconds 
========================================================================
Received Import Request.
  Time since last request: 0.000031 seconds.
  path: Assets/Packs/Environment/Mega Fantasy Props Pack/Textures/bark_2_s.png
  artifactKey: Guid(c544aef97ece5df41bb8ec816976ee0d) Importer(815301076,1909f56bfc062723c751e8b465ee728b)
Start importing Assets/Packs/Environment/Mega Fantasy Props Pack/Textures/bark_2_s.png using Guid(c544aef97ece5df41bb8ec816976ee0d) Importer(815301076,1909f56bfc062723c751e8b465ee728b)  -> (artifact id: '1570367a07ad25c51bea19488d521d85') in 0.009535 seconds 
========================================================================
Received Import Request.
  Time since last request: 18.812528 seconds.
  path: Assets/Packs/Environment/MedievalCastlePackLite/TsunoaGames/MedievalCastlePack/Props/rounded-door.obj
  artifactKey: Guid(f967dbbbe60cc104abe6f03b295bfcd4) Importer(815301076,1909f56bfc062723c751e8b465ee728b)
Start importing Assets/Packs/Environment/MedievalCastlePackLite/TsunoaGames/MedievalCastlePack/Props/rounded-door.obj using Guid(f967dbbbe60cc104abe6f03b295bfcd4) Importer(815301076,1909f56bfc062723c751e8b465ee728b)  -> (artifact id: '2ea6d830e305d1791c1988d6e7848095') in 0.018374 seconds 
========================================================================
Received Import Request.
  Time since last request: 0.882006 seconds.
  path: Assets/Packs/Environment/MedievalCastlePackLite/TsunoaGames/MedievalCastlePack/Materials/atlas-1.mat
  artifactKey: Guid(b87c74479d767334aab3bfc099120105) Importer(815301076,1909f56bfc062723c751e8b465ee728b)
Start importing Assets/Packs/Environment/MedievalCastlePackLite/TsunoaGames/MedievalCastlePack/Materials/atlas-1.mat using Guid(b87c74479d767334aab3bfc099120105) Importer(815301076,1909f56bfc062723c751e8b465ee728b)  -> (artifact id: '59a9699851a3299bbd07b1867d2bc448') in 0.094395 seconds 
========================================================================
Received Import Request.
  Time since last request: 2.315249 seconds.
  path: Assets/Packs/Environment/MedievalCastlePackLite/TsunoaGames/MedievalCastlePack/Towers/octogonal-tower.obj
  artifactKey: Guid(b0e423cf233360742ab46b41ef7c1aa3) Importer(815301076,1909f56bfc062723c751e8b465ee728b)
Start importing Assets/Packs/Environment/MedievalCastlePackLite/TsunoaGames/MedievalCastlePack/Towers/octogonal-tower.obj using Guid(b0e423cf233360742ab46b41ef7c1aa3) Importer(815301076,1909f56bfc062723c751e8b465ee728b)  -> (artifact id: '94e00e87737e1ace54d9bff1324757db') in 0.015456 seconds 
========================================================================
Received Import Request.
  Time since last request: 0.485138 seconds.
  path: Assets/Packs/Environment/MedievalCastlePackLite/TsunoaGames/MedievalCastlePack/Walls/corner-with-borders.obj
  artifactKey: Guid(3230bf240b33fb94e8270d86f9e59098) Importer(815301076,1909f56bfc062723c751e8b465ee728b)
Start importing Assets/Packs/Environment/MedievalCastlePackLite/TsunoaGames/MedievalCastlePack/Walls/corner-with-borders.obj using Guid(3230bf240b33fb94e8270d86f9e59098) Importer(815301076,1909f56bfc062723c751e8b465ee728b)  -> (artifact id: 'f3d46027d1e9dc98b6f9918a026facdf') in 0.015948 seconds 
========================================================================
Received Import Request.
  Time since last request: 30.629582 seconds.
  path: Assets/Toon Gas Station/Prefabs/Barrel_1F.prefab
  artifactKey: Guid(d6cda6cdccb84b3439d791e01c71339a) Importer(815301076,1909f56bfc062723c751e8b465ee728b)
Start importing Assets/Toon Gas Station/Prefabs/Barrel_1F.prefab using Guid(d6cda6cdccb84b3439d791e01c71339a) Importer(815301076,1909f56bfc062723c751e8b465ee728b)  -> (artifact id: '4858a369669a664e700ef0a081cf9acd') in 0.117757 seconds 
========================================================================
Received Import Request.
  Time since last request: 0.000021 seconds.
  path: Assets/Toon Gas Station/Prefabs/Pavement_2J_4X4.prefab
  artifactKey: Guid(1461688c2734a404e9bac7e9d1fb40ea) Importer(815301076,1909f56bfc062723c751e8b465ee728b)
Start importing Assets/Toon Gas Station/Prefabs/Pavement_2J_4X4.prefab using Guid(1461688c2734a404e9bac7e9d1fb40ea) Importer(815301076,1909f56bfc062723c751e8b465ee728b)  -> (artifact id: '988e8c8ae3dcd4d4805fd5e1e4acd37e') in 0.015414 seconds 
========================================================================
Received Import Request.
  Time since last request: 0.000024 seconds.
  path: Assets/Toon Gas Station/Prefabs/Building_7B.prefab
  artifactKey: Guid(14cbbc4aabee1584895f6723e09fbbec) Importer(815301076,1909f56bfc062723c751e8b465ee728b)
Start importing Assets/Toon Gas Station/Prefabs/Building_7B.prefab using Guid(14cbbc4aabee1584895f6723e09fbbec) Importer(815301076,1909f56bfc062723c751e8b465ee728b)  -> (artifact id: 'e6259881c84582779f55bac4289b600a') in 0.108252 seconds 
========================================================================
Received Import Request.
  Time since last request: 0.000020 seconds.
  path: Assets/Toon Gas Station/Prefabs/Gas_Tank_2A.prefab
  artifactKey: Guid(1923985024f6f81458e33b237f339aa8) Importer(815301076,1909f56bfc062723c751e8b465ee728b)
Start importing Assets/Toon Gas Station/Prefabs/Gas_Tank_2A.prefab using Guid(1923985024f6f81458e33b237f339aa8) Importer(815301076,1909f56bfc062723c751e8b465ee728b)  -> (artifact id: 'b764a2331fb9ab3d1793c28281d10f55') in 0.011059 seconds 
========================================================================
Received Import Request.
  Time since last request: 0.000015 seconds.
  path: Assets/Toon Gas Station/Prefabs/Tree_6A.prefab
  artifactKey: Guid(82fdd33e0a72720488080e8864a1f4bf) Importer(815301076,1909f56bfc062723c751e8b465ee728b)
Start importing Assets/Toon Gas Station/Prefabs/Tree_6A.prefab using Guid(82fdd33e0a72720488080e8864a1f4bf) Importer(815301076,1909f56bfc062723c751e8b465ee728b)  -> (artifact id: '265f2fc91e5e65ba91149dc9644e1090') in 0.011068 seconds 
========================================================================
Received Import Request.
  Time since last request: 0.000024 seconds.
  path: Assets/Toon Gas Station/Prefabs/Road_3X.prefab
  artifactKey: Guid(660eac0628c5a604393da34ac5f7932c) Importer(815301076,1909f56bfc062723c751e8b465ee728b)
Start importing Assets/Toon Gas Station/Prefabs/Road_3X.prefab using Guid(660eac0628c5a604393da34ac5f7932c) Importer(815301076,1909f56bfc062723c751e8b465ee728b)  -> (artifact id: '02b5b8573d2b539782f11e148184c3df') in 0.010646 seconds 
========================================================================
Received Import Request.
  Time since last request: 0.000024 seconds.
  path: Assets/Toon Gas Station/Prefabs/Tree_6D.prefab
  artifactKey: Guid(ad41226cf815d854487b83868699253e) Importer(815301076,1909f56bfc062723c751e8b465ee728b)
Start importing Assets/Toon Gas Station/Prefabs/Tree_6D.prefab using Guid(ad41226cf815d854487b83868699253e) Importer(815301076,1909f56bfc062723c751e8b465ee728b)  -> (artifact id: 'd14939ac3a875de52710e9fcd7625a66') in 0.012966 seconds 
========================================================================
Received Import Request.
  Time since last request: 0.000033 seconds.
  path: Assets/Toon Gas Station/Prefabs/Gas_Station_1A.prefab
  artifactKey: Guid(97e9c33c57ac8e943a1a1b8851b9ff21) Importer(815301076,1909f56bfc062723c751e8b465ee728b)
Start importing Assets/Toon Gas Station/Prefabs/Gas_Station_1A.prefab using Guid(97e9c33c57ac8e943a1a1b8851b9ff21) Importer(815301076,1909f56bfc062723c751e8b465ee728b)  -> (artifact id: 'e34337dae82d3637cc9e4097cff93be8') in 0.022086 seconds 
========================================================================
Received Import Request.
  Time since last request: 0.000023 seconds.
  path: Assets/Toon Gas Station/Prefabs/Tree_7G.prefab
  artifactKey: Guid(e47eeb5d02201e849b057cf2b2bc3455) Importer(815301076,1909f56bfc062723c751e8b465ee728b)
Start importing Assets/Toon Gas Station/Prefabs/Tree_7G.prefab using Guid(e47eeb5d02201e849b057cf2b2bc3455) Importer(815301076,1909f56bfc062723c751e8b465ee728b)  -> (artifact id: '74db8ccd0816eaa2c92968e31de3f064') in 0.010697 seconds 
========================================================================
Received Import Request.
  Time since last request: 0.000036 seconds.
  path: Assets/Toon Gas Station/Prefabs/Road_1A.prefab
  artifactKey: Guid(4fa7824a621d72c419d77f7c478045eb) Importer(815301076,1909f56bfc062723c751e8b465ee728b)
Start importing Assets/Toon Gas Station/Prefabs/Road_1A.prefab using Guid(4fa7824a621d72c419d77f7c478045eb) Importer(815301076,1909f56bfc062723c751e8b465ee728b)  -> (artifact id: '0d78b109f8573fe9b02f0cddee72139e') in 0.016159 seconds 
========================================================================
Received Prepare
Registering precompiled user dll's ...
Registered in 0.005529 seconds.
Begin MonoManager ReloadAssembly
Symbol file LoadedFromMemory doesn't match image C:\Users\gilva\OneDrive\Documentos\GitHub\Pharmacy_game\Library\PackageCache\com.unity.visualscripting@1.8.0\Editor\VisualScripting.Core\Dependencies\YamlDotNet\Unity.VisualScripting.YamlDotNet.dll
Symbol file LoadedFromMemory doesn't match image C:\Users\gilva\OneDrive\Documentos\GitHub\Pharmacy_game\Library\PackageCache\com.unity.visualscripting@1.8.0\Editor\VisualScripting.Core\Dependencies\DotNetZip\Unity.VisualScripting.IonicZip.dll
Native extension for WindowsStandalone target not found
Native extension for WebGL target not found
Refreshing native plugins compatible for Editor in 0.66 ms, found 3 plugins.
Preloading 0 native plugins for Editor in 0.00 ms.
Mono: successfully reloaded assembly
- Completed reload, in  0.957 seconds
Domain Reload Profiling:
	ReloadAssembly (958ms)
		BeginReloadAssembly (139ms)
			ExecutionOrderSort (0ms)
			DisableScriptedObjects (5ms)
			BackupInstance (0ms)
			ReleaseScriptingObjects (0ms)
			CreateAndSetChildDomain (34ms)
		EndReloadAssembly (727ms)
			LoadAssemblies (90ms)
			RebuildTransferFunctionScriptingTraits (0ms)
			SetupTypeCache (242ms)
			ReleaseScriptCaches (1ms)
			RebuildScriptCaches (41ms)
			SetupLoadedEditorAssemblies (320ms)
				LogAssemblyErrors (0ms)
				InitializePlatformSupportModulesInManaged (6ms)
				SetLoadedEditorAssemblies (0ms)
				RefreshPlugins (1ms)
				BeforeProcessingInitializeOnLoad (62ms)
				ProcessInitializeOnLoadAttributes (222ms)
				ProcessInitializeOnLoadMethodAttributes (20ms)
				AfterProcessingInitializeOnLoad (7ms)
				EditorAssembliesLoaded (0ms)
			ExecutionOrderSort2 (0ms)
			AwakeInstancesAfterBackupRestoration (8ms)
Platform modules already initialized, skipping
Refreshing native plugins compatible for Editor in 2.05 ms, found 3 plugins.
Preloading 0 native plugins for Editor in 0.00 ms.
Unloading 3573 Unused Serialized files (Serialized files now loaded: 0)
Unloading 20 unused Assets / (486.7 KB). Loaded Objects now: 4152.
Memory consumption went from 150.2 MB to 149.7 MB.
Total: 3.535000 ms (FindLiveObjects: 0.287600 ms CreateObjectMapping: 0.213600 ms MarkObjects: 2.768900 ms  DeleteObjects: 0.263900 ms)

AssetImportParameters requested are different than current active one (requested -> active):
  custom:video-decoder-ogg-theora: a1e56fd34408186e4bbccfd4996cb3dc -> 
  custom:container-muxer-webm: aa71ff27fc2769a1b78a27578f13a17b -> 
  custom:container-demuxer-webm: 4f35f7cbe854078d1ac9338744f61a02 -> 
  custom:video-encoder-webm-vp8: eb34c28f22e8b96e1ab97ce403110664 -> 
  custom:video-codec-MediaFoundation-h265: 746d11721c4dcdbdad8f713fa42b33f4 -> 
  custom:audio-encoder-webm-vorbis: bf7c407c2cedff20999df2af8eb42d56 -> 
  custom:framework-win-MediaFoundation: 216162199b28c13a410421893ffa2e32 -> 
  custom:container-demuxer-ogg: 62fdf1f143b41e24485cea50d1cbac27 -> 
  custom:video-decoder-webm-vp8: 9c59270c3fd7afecdb556c50c9e8de78 -> 
  custom:audio-decoder-ogg-vorbis: bf7c407c2cedff20999df2af8eb42d56 -> 
========================================================================
Received Prepare
Registering precompiled user dll's ...
Registered in 0.004390 seconds.
Begin MonoManager ReloadAssembly
Symbol file LoadedFromMemory doesn't match image C:\Users\gilva\OneDrive\Documentos\GitHub\Pharmacy_game\Library\PackageCache\com.unity.visualscripting@1.8.0\Editor\VisualScripting.Core\Dependencies\YamlDotNet\Unity.VisualScripting.YamlDotNet.dll
Symbol file LoadedFromMemory doesn't match image C:\Users\gilva\OneDrive\Documentos\GitHub\Pharmacy_game\Library\PackageCache\com.unity.visualscripting@1.8.0\Editor\VisualScripting.Core\Dependencies\DotNetZip\Unity.VisualScripting.IonicZip.dll
Native extension for WindowsStandalone target not found
Native extension for WebGL target not found
Refreshing native plugins compatible for Editor in 0.70 ms, found 3 plugins.
Preloading 0 native plugins for Editor in 0.00 ms.
Mono: successfully reloaded assembly
- Completed reload, in  0.965 seconds
Domain Reload Profiling:
	ReloadAssembly (966ms)
		BeginReloadAssembly (148ms)
			ExecutionOrderSort (0ms)
			DisableScriptedObjects (4ms)
			BackupInstance (0ms)
			ReleaseScriptingObjects (0ms)
			CreateAndSetChildDomain (34ms)
		EndReloadAssembly (730ms)
			LoadAssemblies (100ms)
			RebuildTransferFunctionScriptingTraits (0ms)
			SetupTypeCache (244ms)
			ReleaseScriptCaches (1ms)
			RebuildScriptCaches (43ms)
			SetupLoadedEditorAssemblies (324ms)
				LogAssemblyErrors (0ms)
				InitializePlatformSupportModulesInManaged (7ms)
				SetLoadedEditorAssemblies (0ms)
				RefreshPlugins (1ms)
				BeforeProcessingInitializeOnLoad (64ms)
				ProcessInitializeOnLoadAttributes (225ms)
				ProcessInitializeOnLoadMethodAttributes (21ms)
				AfterProcessingInitializeOnLoad (6ms)
				EditorAssembliesLoaded (0ms)
			ExecutionOrderSort2 (0ms)
			AwakeInstancesAfterBackupRestoration (8ms)
Platform modules already initialized, skipping
Refreshing native plugins compatible for Editor in 1.86 ms, found 3 plugins.
Preloading 0 native plugins for Editor in 0.00 ms.
Unloading 3572 Unused Serialized files (Serialized files now loaded: 0)
Unloading 20 unused Assets / (510.2 KB). Loaded Objects now: 4167.
Memory consumption went from 150.1 MB to 149.6 MB.
Total: 2.778000 ms (FindLiveObjects: 0.266200 ms CreateObjectMapping: 0.161400 ms MarkObjects: 2.097700 ms  DeleteObjects: 0.251600 ms)

AssetImportParameters requested are different than current active one (requested -> active):
  custom:video-decoder-ogg-theora: a1e56fd34408186e4bbccfd4996cb3dc -> 
  custom:container-muxer-webm: aa71ff27fc2769a1b78a27578f13a17b -> 
  custom:container-demuxer-webm: 4f35f7cbe854078d1ac9338744f61a02 -> 
  custom:video-encoder-webm-vp8: eb34c28f22e8b96e1ab97ce403110664 -> 
  custom:video-codec-MediaFoundation-h265: 746d11721c4dcdbdad8f713fa42b33f4 -> 
  custom:audio-encoder-webm-vorbis: bf7c407c2cedff20999df2af8eb42d56 -> 
  custom:framework-win-MediaFoundation: 216162199b28c13a410421893ffa2e32 -> 
  custom:container-demuxer-ogg: 62fdf1f143b41e24485cea50d1cbac27 -> 
  custom:video-decoder-webm-vp8: 9c59270c3fd7afecdb556c50c9e8de78 -> 
  custom:audio-decoder-ogg-vorbis: bf7c407c2cedff20999df2af8eb42d56 -> 
========================================================================
Received Import Request.
  Time since last request: 261.212082 seconds.
  path: Assets/Toon Gas Station/Terrain/layer_Dirt_1D(4.000,4.000)(0.000,0.000)(0.000,0.000,0.000),0.000,0.000.terrainlayer
  artifactKey: Guid(43512faac86afcf4ba8e67309f178d2b) Importer(815301076,1909f56bfc062723c751e8b465ee728b)
Start importing Assets/Toon Gas Station/Terrain/layer_Dirt_1D(4.000,4.000)(0.000,0.000)(0.000,0.000,0.000),0.000,0.000.terrainlayer using Guid(43512faac86afcf4ba8e67309f178d2b) Importer(815301076,1909f56bfc062723c751e8b465ee728b)  -> (artifact id: '92ea62fe60bdcbd4bebedc668ba50456') in 0.047637 seconds 
========================================================================
Received Import Request.
  Time since last request: 0.000025 seconds.
  path: Assets/Toon Gas Station/Terrain/layer_Tiles_2A(3.000,3.000)(0.000,0.000)(0.000,0.000,0.000),0.000,0.000.terrainlayer
  artifactKey: Guid(dc2ebed7df6f99b40a77f33d843a7e08) Importer(815301076,1909f56bfc062723c751e8b465ee728b)
Start importing Assets/Toon Gas Station/Terrain/layer_Tiles_2A(3.000,3.000)(0.000,0.000)(0.000,0.000,0.000),0.000,0.000.terrainlayer using Guid(dc2ebed7df6f99b40a77f33d843a7e08) Importer(815301076,1909f56bfc062723c751e8b465ee728b)  -> (artifact id: '49e3438b0db102eaec8362121a71a487') in 0.005259 seconds 
========================================================================
Received Import Request.
  Time since last request: 0.000023 seconds.
  path: Assets/Toon Gas Station/Terrain/layer_Grass_1B(3.000,3.000)(0.000,0.000)(0.000,0.000,0.000),0.000,0.000.terrainlayer
  artifactKey: Guid(cf35b8b718f5ecc488911a48d47d5eee) Importer(815301076,1909f56bfc062723c751e8b465ee728b)
Start importing Assets/Toon Gas Station/Terrain/layer_Grass_1B(3.000,3.000)(0.000,0.000)(0.000,0.000,0.000),0.000,0.000.terrainlayer using Guid(cf35b8b718f5ecc488911a48d47d5eee) Importer(815301076,1909f56bfc062723c751e8b465ee728b)  -> (artifact id: 'ac231e45e50982a2acbb2b1ca679871f') in 0.006773 seconds 
========================================================================
Received Import Request.
  Time since last request: 31.335658 seconds.
  path: Assets/Terrain/grass.terrainlayer
  artifactKey: Guid(34de2c23e08b9334eb9e5c5b331f19eb) Importer(815301076,1909f56bfc062723c751e8b465ee728b)
Start importing Assets/Terrain/grass.terrainlayer using Guid(34de2c23e08b9334eb9e5c5b331f19eb) Importer(815301076,1909f56bfc062723c751e8b465ee728b)  -> (artifact id: '76ddf7afa3612efc9ca882f4c7ba327b') in 0.017125 seconds 
========================================================================
Received Import Request.
  Time since last request: 2.949333 seconds.
  path: Assets/Terrain/path.terrainlayer
  artifactKey: Guid(0bfc76c5bc7de4640b4d0e1feefb42a3) Importer(815301076,1909f56bfc062723c751e8b465ee728b)
Start importing Assets/Terrain/path.terrainlayer using Guid(0bfc76c5bc7de4640b4d0e1feefb42a3) Importer(815301076,1909f56bfc062723c751e8b465ee728b)  -> (artifact id: '311562301f9dc5e118dd556dd55247d8') in 0.010155 seconds 
========================================================================
Received Import Request.
  Time since last request: 4.414667 seconds.
  path: Assets/Toon Gas Station/Textures/Grass_1B.psd
  artifactKey: Guid(ee2727fa3abcab14fac28373cb17953e) Importer(815301076,1909f56bfc062723c751e8b465ee728b)
Start importing Assets/Toon Gas Station/Textures/Grass_1B.psd using Guid(ee2727fa3abcab14fac28373cb17953e) Importer(815301076,1909f56bfc062723c751e8b465ee728b)  -> (artifact id: '8d16015934a4dcae9fb0de7dbe953a53') in 0.017559 seconds 
========================================================================
Received Prepare
Registering precompiled user dll's ...
Registered in 0.005557 seconds.
Begin MonoManager ReloadAssembly
Symbol file LoadedFromMemory doesn't match image C:\Users\gilva\OneDrive\Documentos\GitHub\Pharmacy_game\Library\PackageCache\com.unity.visualscripting@1.8.0\Editor\VisualScripting.Core\Dependencies\YamlDotNet\Unity.VisualScripting.YamlDotNet.dll
Symbol file LoadedFromMemory doesn't match image C:\Users\gilva\OneDrive\Documentos\GitHub\Pharmacy_game\Library\PackageCache\com.unity.visualscripting@1.8.0\Editor\VisualScripting.Core\Dependencies\DotNetZip\Unity.VisualScripting.IonicZip.dll
Native extension for WindowsStandalone target not found
Native extension for WebGL target not found
Refreshing native plugins compatible for Editor in 0.77 ms, found 3 plugins.
Preloading 0 native plugins for Editor in 0.00 ms.
Mono: successfully reloaded assembly
- Completed reload, in  0.984 seconds
Domain Reload Profiling:
	ReloadAssembly (984ms)
		BeginReloadAssembly (139ms)
			ExecutionOrderSort (0ms)
			DisableScriptedObjects (6ms)
			BackupInstance (0ms)
			ReleaseScriptingObjects (0ms)
			CreateAndSetChildDomain (37ms)
		EndReloadAssembly (752ms)
			LoadAssemblies (93ms)
			RebuildTransferFunctionScriptingTraits (0ms)
			SetupTypeCache (247ms)
			ReleaseScriptCaches (1ms)
			RebuildScriptCaches (43ms)
			SetupLoadedEditorAssemblies (332ms)
				LogAssemblyErrors (0ms)
				InitializePlatformSupportModulesInManaged (7ms)
				SetLoadedEditorAssemblies (0ms)
				RefreshPlugins (1ms)
				BeforeProcessingInitializeOnLoad (67ms)
				ProcessInitializeOnLoadAttributes (227ms)
				ProcessInitializeOnLoadMethodAttributes (21ms)
				AfterProcessingInitializeOnLoad (8ms)
				EditorAssembliesLoaded (0ms)
			ExecutionOrderSort2 (0ms)
			AwakeInstancesAfterBackupRestoration (8ms)
Platform modules already initialized, skipping
Refreshing native plugins compatible for Editor in 2.84 ms, found 3 plugins.
Preloading 0 native plugins for Editor in 0.00 ms.
Unloading 3572 Unused Serialized files (Serialized files now loaded: 0)
Unloading 20 unused Assets / (0.5 MB). Loaded Objects now: 4184.
Memory consumption went from 150.6 MB to 150.1 MB.
Total: 3.468400 ms (FindLiveObjects: 0.297100 ms CreateObjectMapping: 0.206300 ms MarkObjects: 2.652700 ms  DeleteObjects: 0.311100 ms)

AssetImportParameters requested are different than current active one (requested -> active):
  custom:video-decoder-ogg-theora: a1e56fd34408186e4bbccfd4996cb3dc -> 
  custom:container-muxer-webm: aa71ff27fc2769a1b78a27578f13a17b -> 
  custom:container-demuxer-webm: 4f35f7cbe854078d1ac9338744f61a02 -> 
  custom:video-encoder-webm-vp8: eb34c28f22e8b96e1ab97ce403110664 -> 
  custom:video-codec-MediaFoundation-h265: 746d11721c4dcdbdad8f713fa42b33f4 -> 
  custom:audio-encoder-webm-vorbis: bf7c407c2cedff20999df2af8eb42d56 -> 
  custom:framework-win-MediaFoundation: 216162199b28c13a410421893ffa2e32 -> 
  custom:container-demuxer-ogg: 62fdf1f143b41e24485cea50d1cbac27 -> 
  custom:video-decoder-webm-vp8: 9c59270c3fd7afecdb556c50c9e8de78 -> 
  custom:audio-decoder-ogg-vorbis: bf7c407c2cedff20999df2af8eb42d56 -> 
========================================================================
Received Import Request.
  Time since last request: 141.072595 seconds.
  path: Assets/Toon Gas Station/Textures/Building_7B_D.psd
  artifactKey: Guid(ff0a57c8b6e10044b97a3bc1559ee2a7) Importer(815301076,1909f56bfc062723c751e8b465ee728b)
Start importing Assets/Toon Gas Station/Textures/Building_7B_D.psd using Guid(ff0a57c8b6e10044b97a3bc1559ee2a7) Importer(815301076,1909f56bfc062723c751e8b465ee728b)  -> (artifact id: '7475339db6dcd5d30efbaa52e6ce8527') in 0.045763 seconds 
========================================================================
Received Import Request.
  Time since last request: 0.000041 seconds.
  path: Assets/Toon Gas Station/Textures/Car_18C_D.psd
  artifactKey: Guid(e09199b7faefad34ca2578a9f3cae390) Importer(815301076,1909f56bfc062723c751e8b465ee728b)
Start importing Assets/Toon Gas Station/Textures/Car_18C_D.psd using Guid(e09199b7faefad34ca2578a9f3cae390) Importer(815301076,1909f56bfc062723c751e8b465ee728b)  -> (artifact id: '6a1aa01871dbaaa595657d4504894bf4') in 0.007841 seconds 
========================================================================
Received Import Request.
  Time since last request: 0.000021 seconds.
  path: Assets/Toon Gas Station/Textures/Grass_1C.psd
  artifactKey: Guid(9aa8c77a5279e404f9ff2e67dd43a8d7) Importer(815301076,1909f56bfc062723c751e8b465ee728b)
Start importing Assets/Toon Gas Station/Textures/Grass_1C.psd using Guid(9aa8c77a5279e404f9ff2e67dd43a8d7) Importer(815301076,1909f56bfc062723c751e8b465ee728b)  -> (artifact id: 'ed5ad71586ec407e7c2e236b1a7bcb7b') in 0.007068 seconds 
========================================================================
Received Import Request.
  Time since last request: 0.000025 seconds.
  path: Assets/Toon Gas Station/Textures/Tree_7A_D.psd
  artifactKey: Guid(c7b40981c735cfa40b9b3387c4c95051) Importer(815301076,1909f56bfc062723c751e8b465ee728b)
Start importing Assets/Toon Gas Station/Textures/Tree_7A_D.psd using Guid(c7b40981c735cfa40b9b3387c4c95051) Importer(815301076,1909f56bfc062723c751e8b465ee728b)  -> (artifact id: '28bfe02352b6930f7a2ad6bbc34fb1f1') in 0.006083 seconds 
========================================================================
Received Import Request.
  Time since last request: 0.000015 seconds.
  path: Assets/Toon Gas Station/Textures/Dirt_1E.psd
  artifactKey: Guid(e034b76823872304d80334e1c1c6755c) Importer(815301076,1909f56bfc062723c751e8b465ee728b)
Start importing Assets/Toon Gas Station/Textures/Dirt_1E.psd using Guid(e034b76823872304d80334e1c1c6755c) Importer(815301076,1909f56bfc062723c751e8b465ee728b)  -> (artifact id: 'a4f1d6e49d2465583f851ed472c25364') in 0.006964 seconds 
========================================================================
Received Import Request.
  Time since last request: 0.000024 seconds.
  path: Assets/Toon Gas Station/Textures/Tree_6A_D.psd
  artifactKey: Guid(78a0ee1a4b8112649bc8901ae6d876d9) Importer(815301076,1909f56bfc062723c751e8b465ee728b)
Start importing Assets/Toon Gas Station/Textures/Tree_6A_D.psd using Guid(78a0ee1a4b8112649bc8901ae6d876d9) Importer(815301076,1909f56bfc062723c751e8b465ee728b)  -> (artifact id: '70ec701b8ba5232512a9ad93043cb650') in 0.005939 seconds 
========================================================================
Received Import Request.
  Time since last request: 0.000023 seconds.
  path: Assets/Toon Gas Station/Textures/Car_14I_D.psd
  artifactKey: Guid(8ed568982fc5a004ca4e93a82af9faa3) Importer(815301076,1909f56bfc062723c751e8b465ee728b)
Start importing Assets/Toon Gas Station/Textures/Car_14I_D.psd using Guid(8ed568982fc5a004ca4e93a82af9faa3) Importer(815301076,1909f56bfc062723c751e8b465ee728b)  -> (artifact id: 'cf028ccf78fa2cec10543bc918077e63') in 0.006683 seconds 
========================================================================
Received Import Request.
  Time since last request: 0.000016 seconds.
  path: Assets/Toon Gas Station/Textures/Grass_Billboard_1C.psd
  artifactKey: Guid(31829fe5a303d8e46a6166362317f87f) Importer(815301076,1909f56bfc062723c751e8b465ee728b)
Start importing Assets/Toon Gas Station/Textures/Grass_Billboard_1C.psd using Guid(31829fe5a303d8e46a6166362317f87f) Importer(815301076,1909f56bfc062723c751e8b465ee728b)  -> (artifact id: '493aa0420a6f05f890d88c8bd87d98d5') in 0.007881 seconds 
========================================================================
Received Import Request.
  Time since last request: 0.000017 seconds.
  path: Assets/Toon Gas Station/Textures/Gas_Station_1A_D.psd
  artifactKey: Guid(6d6298efd34ffc84ea6a571f89c75bb0) Importer(815301076,1909f56bfc062723c751e8b465ee728b)
Start importing Assets/Toon Gas Station/Textures/Gas_Station_1A_D.psd using Guid(6d6298efd34ffc84ea6a571f89c75bb0) Importer(815301076,1909f56bfc062723c751e8b465ee728b)  -> (artifact id: 'b314cdcb442637dd6b87665f27b8b286') in 0.009055 seconds 
========================================================================
Received Import Request.
  Time since last request: 0.000015 seconds.
  path: Assets/Toon Gas Station/Textures/Grass_Billboard_1B.psd
  artifactKey: Guid(4d47a68297510714796161ac1123f1a5) Importer(815301076,1909f56bfc062723c751e8b465ee728b)
Start importing Assets/Toon Gas Station/Textures/Grass_Billboard_1B.psd using Guid(4d47a68297510714796161ac1123f1a5) Importer(815301076,1909f56bfc062723c751e8b465ee728b)  -> (artifact id: 'fa6821aacb5d39186f17e8d572d57bf3') in 0.005916 seconds 
Editor requested this worker to shutdown with reason: Scaling down because of idle timeout
AssetImportWorker is now disconnected from the server
Process exiting
Exiting without the bug reporter. Application will terminate with return code 0