Using pre-set license
Built from '2021.3/staging' branch; Version is '2021.3.24f1 (cf10dcf7010d) revision 13570268'; Using compiler version '192829333'; Build Type 'Release'
OS: 'Windows 11  (10.0.23466) 64bit Professional' Language: 'pt' Physical Memory: 24491 MB
BatchMode: 1, IsHumanControllingUs: 0, StartBugReporterOnCrash: 0, Is64bit: 1, IsPro: 1

COMMAND LINE ARGUMENTS:
C:\Program Files\Unity\Hub\Editor\2021.3.24f1\Editor\Unity.exe
-adb2
-batchMode
-noUpm
-name
AssetImportWorker1
-projectPath
C:/Users/gilva/OneDrive/Documentos/GitHub/Pharmacy_game
-logFile
Logs/AssetImportWorker1.log
-srvPort
55027
Successfully changed project path to: C:/Users/gilva/OneDrive/Documentos/GitHub/Pharmacy_game
C:/Users/gilva/OneDrive/Documentos/GitHub/Pharmacy_game
[UnityMemory] Configuration Parameters - Can be set up in boot.config
    "memorysetup-bucket-allocator-granularity=16"
    "memorysetup-bucket-allocator-bucket-count=8"
    "memorysetup-bucket-allocator-block-size=33554432"
    "memorysetup-bucket-allocator-block-count=8"
    "memorysetup-main-allocator-block-size=16777216"
    "memorysetup-thread-allocator-block-size=16777216"
    "memorysetup-gfx-main-allocator-block-size=16777216"
    "memorysetup-gfx-thread-allocator-block-size=16777216"
    "memorysetup-cache-allocator-block-size=4194304"
    "memorysetup-typetree-allocator-block-size=2097152"
    "memorysetup-profiler-bucket-allocator-granularity=16"
    "memorysetup-profiler-bucket-allocator-bucket-count=8"
    "memorysetup-profiler-bucket-allocator-block-size=33554432"
    "memorysetup-profiler-bucket-allocator-block-count=8"
    "memorysetup-profiler-allocator-block-size=16777216"
    "memorysetup-profiler-editor-allocator-block-size=1048576"
    "memorysetup-temp-allocator-size-main=16777216"
    "memorysetup-job-temp-allocator-block-size=2097152"
    "memorysetup-job-temp-allocator-block-size-background=1048576"
    "memorysetup-job-temp-allocator-reduction-small-platforms=262144"
    "memorysetup-temp-allocator-size-background-worker=32768"
    "memorysetup-temp-allocator-size-job-worker=262144"
    "memorysetup-temp-allocator-size-preload-manager=33554432"
    "memorysetup-temp-allocator-size-nav-mesh-worker=65536"
    "memorysetup-temp-allocator-size-audio-worker=65536"
    "memorysetup-temp-allocator-size-cloud-worker=32768"
    "memorysetup-temp-allocator-size-gi-baking-worker=262144"
    "memorysetup-temp-allocator-size-gfx=262144"
Player connection [6416] Host "[IP] 192.168.0.34 [Port] 0 [Flags] 2 [Guid] 980057843 [EditorId] 980057843 [Version] 1048832 [Id] WindowsEditor(7,Gilvan-Desktop) [Debug] 1 [PackageName] WindowsEditor [ProjectName] Editor" joined multi-casting on [225.0.0.222:54997]...

Player connection [6416] Host "[IP] 192.168.0.34 [Port] 0 [Flags] 2 [Guid] 980057843 [EditorId] 980057843 [Version] 1048832 [Id] WindowsEditor(7,Gilvan-Desktop) [Debug] 1 [PackageName] WindowsEditor [ProjectName] Editor" joined alternative multi-casting on [225.0.0.222:34997]...

Refreshing native plugins compatible for Editor in 103.38 ms, found 3 plugins.
Preloading 0 native plugins for Editor in 0.00 ms.
Initialize engine version: 2021.3.24f1 (cf10dcf7010d)
[Subsystems] Discovering subsystems at path C:/Program Files/Unity/Hub/Editor/2021.3.24f1/Editor/Data/Resources/UnitySubsystems
[Subsystems] Discovering subsystems at path C:/Users/gilva/OneDrive/Documentos/GitHub/Pharmacy_game/Assets
GfxDevice: creating device client; threaded=0; jobified=0
Direct3D:
    Version:  Direct3D 11.0 [level 11.1]
    Renderer: NVIDIA GeForce GTX 1080 (ID=0x1b80)
    Vendor:   NVIDIA
    VRAM:     8072 MB
    Driver:   31.0.15.3179
Initialize mono
Mono path[0] = 'C:/Program Files/Unity/Hub/Editor/2021.3.24f1/Editor/Data/Managed'
Mono path[1] = 'C:/Program Files/Unity/Hub/Editor/2021.3.24f1/Editor/Data/MonoBleedingEdge/lib/mono/unityjit-win32'
Mono config path = 'C:/Program Files/Unity/Hub/Editor/2021.3.24f1/Editor/Data/MonoBleedingEdge/etc'
Using monoOptions --debugger-agent=transport=dt_socket,embedding=1,server=y,suspend=n,address=127.0.0.1:56012
Begin MonoManager ReloadAssembly
Registering precompiled unity dll's ...
Register platform support module: C:/Program Files/Unity/Hub/Editor/2021.3.24f1/Editor/Data/PlaybackEngines/WebGLSupport/UnityEditor.WebGL.Extensions.dll
Register platform support module: C:/Program Files/Unity/Hub/Editor/2021.3.24f1/Editor/Data/PlaybackEngines/WindowsStandaloneSupport/UnityEditor.WindowsStandalone.Extensions.dll
Registered in 0.009790 seconds.
Native extension for WindowsStandalone target not found
Native extension for WebGL target not found
Refreshing native plugins compatible for Editor in 84.87 ms, found 3 plugins.
Preloading 0 native plugins for Editor in 0.00 ms.
Mono: successfully reloaded assembly
- Completed reload, in  0.730 seconds
Domain Reload Profiling:
	ReloadAssembly (730ms)
		BeginReloadAssembly (119ms)
			ExecutionOrderSort (0ms)
			DisableScriptedObjects (0ms)
			BackupInstance (0ms)
			ReleaseScriptingObjects (0ms)
			CreateAndSetChildDomain (1ms)
		EndReloadAssembly (495ms)
			LoadAssemblies (117ms)
			RebuildTransferFunctionScriptingTraits (0ms)
			SetupTypeCache (123ms)
			ReleaseScriptCaches (0ms)
			RebuildScriptCaches (28ms)
			SetupLoadedEditorAssemblies (282ms)
				LogAssemblyErrors (0ms)
				InitializePlatformSupportModulesInManaged (10ms)
				SetLoadedEditorAssemblies (0ms)
				RefreshPlugins (85ms)
				BeforeProcessingInitializeOnLoad (1ms)
				ProcessInitializeOnLoadAttributes (127ms)
				ProcessInitializeOnLoadMethodAttributes (59ms)
				AfterProcessingInitializeOnLoad (0ms)
				EditorAssembliesLoaded (0ms)
			ExecutionOrderSort2 (0ms)
			AwakeInstancesAfterBackupRestoration (0ms)
Platform modules already initialized, skipping
Registering precompiled user dll's ...
Registered in 0.006496 seconds.
Begin MonoManager ReloadAssembly
Symbol file LoadedFromMemory doesn't match image C:\Users\gilva\OneDrive\Documentos\GitHub\Pharmacy_game\Library\PackageCache\com.unity.visualscripting@1.8.0\Editor\VisualScripting.Core\Dependencies\YamlDotNet\Unity.VisualScripting.YamlDotNet.dll
Symbol file LoadedFromMemory doesn't match image C:\Users\gilva\OneDrive\Documentos\GitHub\Pharmacy_game\Library\PackageCache\com.unity.visualscripting@1.8.0\Editor\VisualScripting.Core\Dependencies\DotNetZip\Unity.VisualScripting.IonicZip.dll
Native extension for WindowsStandalone target not found
Native extension for WebGL target not found
Refreshing native plugins compatible for Editor in 1.04 ms, found 3 plugins.
Preloading 0 native plugins for Editor in 0.00 ms.
Mono: successfully reloaded assembly
- Completed reload, in  1.261 seconds
Domain Reload Profiling:
	ReloadAssembly (1262ms)
		BeginReloadAssembly (132ms)
			ExecutionOrderSort (0ms)
			DisableScriptedObjects (8ms)
			BackupInstance (0ms)
			ReleaseScriptingObjects (0ms)
			CreateAndSetChildDomain (20ms)
		EndReloadAssembly (1023ms)
			LoadAssemblies (100ms)
			RebuildTransferFunctionScriptingTraits (0ms)
			SetupTypeCache (373ms)
			ReleaseScriptCaches (1ms)
			RebuildScriptCaches (63ms)
			SetupLoadedEditorAssemblies (440ms)
				LogAssemblyErrors (0ms)
				InitializePlatformSupportModulesInManaged (10ms)
				SetLoadedEditorAssemblies (1ms)
				RefreshPlugins (1ms)
				BeforeProcessingInitializeOnLoad (98ms)
				ProcessInitializeOnLoadAttributes (297ms)
				ProcessInitializeOnLoadMethodAttributes (24ms)
				AfterProcessingInitializeOnLoad (9ms)
				EditorAssembliesLoaded (0ms)
			ExecutionOrderSort2 (0ms)
			AwakeInstancesAfterBackupRestoration (12ms)
Platform modules already initialized, skipping
========================================================================
Worker process is ready to serve import requests
Launched and connected shader compiler UnityShaderCompiler.exe after 0.31 seconds
Refreshing native plugins compatible for Editor in 1.41 ms, found 3 plugins.
Preloading 0 native plugins for Editor in 0.00 ms.
Unloading 3658 Unused Serialized files (Serialized files now loaded: 0)
Unloading 39 unused Assets / (0.5 MB). Loaded Objects now: 4141.
Memory consumption went from 151.6 MB to 151.1 MB.
Total: 3.819600 ms (FindLiveObjects: 0.312600 ms CreateObjectMapping: 0.209400 ms MarkObjects: 2.958600 ms  DeleteObjects: 0.337900 ms)

AssetImportParameters requested are different than current active one (requested -> active):
  custom:video-decoder-ogg-theora: a1e56fd34408186e4bbccfd4996cb3dc -> 
  custom:container-muxer-webm: aa71ff27fc2769a1b78a27578f13a17b -> 
  custom:container-demuxer-webm: 4f35f7cbe854078d1ac9338744f61a02 -> 
  custom:video-encoder-webm-vp8: eb34c28f22e8b96e1ab97ce403110664 -> 
  custom:video-codec-MediaFoundation-h265: 746d11721c4dcdbdad8f713fa42b33f4 -> 
  custom:audio-encoder-webm-vorbis: bf7c407c2cedff20999df2af8eb42d56 -> 
  custom:framework-win-MediaFoundation: 216162199b28c13a410421893ffa2e32 -> 
  custom:container-demuxer-ogg: 62fdf1f143b41e24485cea50d1cbac27 -> 
  custom:video-decoder-webm-vp8: 9c59270c3fd7afecdb556c50c9e8de78 -> 
  custom:audio-decoder-ogg-vorbis: bf7c407c2cedff20999df2af8eb42d56 -> 
========================================================================
Received Import Request.
  Time since last request: 44672.228095 seconds.
  path: Packages/com.unity.probuilder/Content/Resources/Textures/GridBox_Default.png
  artifactKey: Guid(6344bf96fbda94141a525046d088fb23) Importer(815301076,1909f56bfc062723c751e8b465ee728b)
Start importing Packages/com.unity.probuilder/Content/Resources/Textures/GridBox_Default.png using Guid(6344bf96fbda94141a525046d088fb23) Importer(815301076,1909f56bfc062723c751e8b465ee728b)  -> (artifact id: 'c53a197a1f229f3053d2c3bf2847f84b') in 0.077439 seconds 
========================================================================
Received Import Request.
  Time since last request: 146.502290 seconds.
  path: Assets/Toon Gas Station/Models/Barrel_1G.fbx
  artifactKey: Guid(940f1d74b9e4ec84da524deec8d0878f) Importer(815301076,1909f56bfc062723c751e8b465ee728b)
Start importing Assets/Toon Gas Station/Models/Barrel_1G.fbx using Guid(940f1d74b9e4ec84da524deec8d0878f) Importer(815301076,1909f56bfc062723c751e8b465ee728b)  -> (artifact id: 'fc3b451888a9079f8da44793fb5b482e') in 0.099182 seconds 
========================================================================
Received Import Request.
  Time since last request: 0.000026 seconds.
  path: Assets/Toon Gas Station/Models/Gas_Tank_1A.fbx
  artifactKey: Guid(04d3300c24a5b764a9bcc872a9dc1af8) Importer(815301076,1909f56bfc062723c751e8b465ee728b)
Start importing Assets/Toon Gas Station/Models/Gas_Tank_1A.fbx using Guid(04d3300c24a5b764a9bcc872a9dc1af8) Importer(815301076,1909f56bfc062723c751e8b465ee728b)  -> (artifact id: 'a4f896b50fd545f9dc9f3f89729ff688') in 0.032837 seconds 
========================================================================
Received Import Request.
  Time since last request: 0.000026 seconds.
  path: Assets/Toon Gas Station/Models/Trees_6A.fbx
  artifactKey: Guid(feaa2fb5acb574a42bdd05d8d919847d) Importer(815301076,1909f56bfc062723c751e8b465ee728b)
Start importing Assets/Toon Gas Station/Models/Trees_6A.fbx using Guid(feaa2fb5acb574a42bdd05d8d919847d) Importer(815301076,1909f56bfc062723c751e8b465ee728b)  -> (artifact id: '97234b24877ff66be23e260547709c88') in 0.019294 seconds 
========================================================================
Received Import Request.
  Time since last request: 0.000014 seconds.
  path: Assets/Toon Gas Station/Models/Car_21A.fbx
  artifactKey: Guid(0956088278b889348bef01895b1c80c2) Importer(815301076,1909f56bfc062723c751e8b465ee728b)
Start importing Assets/Toon Gas Station/Models/Car_21A.fbx using Guid(0956088278b889348bef01895b1c80c2) Importer(815301076,1909f56bfc062723c751e8b465ee728b)  -> (artifact id: 'e349d7385f255e8254cfc90017a2153e') in 0.086251 seconds 
========================================================================
Received Import Request.
  Time since last request: 0.000024 seconds.
  path: Assets/Toon Gas Station/Models/Tree_7B.fbx
  artifactKey: Guid(70f40ec1c5ab7444bbc25ab733461650) Importer(815301076,1909f56bfc062723c751e8b465ee728b)
Start importing Assets/Toon Gas Station/Models/Tree_7B.fbx using Guid(70f40ec1c5ab7444bbc25ab733461650) Importer(815301076,1909f56bfc062723c751e8b465ee728b)  -> (artifact id: 'dfd4aa844870cc2ea05ea50cd9bb49f6') in 0.019398 seconds 
========================================================================
Received Import Request.
  Time since last request: 0.000021 seconds.
  path: Assets/Toon Gas Station/Models/Tree_7A.fbx
  artifactKey: Guid(e3f8b6cdc58ee6a4781c400b50cc8a59) Importer(815301076,1909f56bfc062723c751e8b465ee728b)
Start importing Assets/Toon Gas Station/Models/Tree_7A.fbx using Guid(e3f8b6cdc58ee6a4781c400b50cc8a59) Importer(815301076,1909f56bfc062723c751e8b465ee728b)  -> (artifact id: 'dab44da4f25f5838cb87b5b5e8edc223') in 0.023792 seconds 
========================================================================
Received Import Request.
  Time since last request: 0.000018 seconds.
  path: Assets/Toon Gas Station/Models/Gas_Station_2A.fbx
  artifactKey: Guid(fbc41d202fa9fd94bb3b9147ccc3b861) Importer(815301076,1909f56bfc062723c751e8b465ee728b)
Start importing Assets/Toon Gas Station/Models/Gas_Station_2A.fbx using Guid(fbc41d202fa9fd94bb3b9147ccc3b861) Importer(815301076,1909f56bfc062723c751e8b465ee728b)  -> (artifact id: '5d16633f9bf7e0f7fabca83ab44ebd5a') in 0.049014 seconds 
========================================================================
Received Import Request.
  Time since last request: 0.000020 seconds.
  path: Assets/Toon Gas Station/Models/Tree_6C.fbx
  artifactKey: Guid(084225910f6fe6844b723535d702af6d) Importer(815301076,1909f56bfc062723c751e8b465ee728b)
Start importing Assets/Toon Gas Station/Models/Tree_6C.fbx using Guid(084225910f6fe6844b723535d702af6d) Importer(815301076,1909f56bfc062723c751e8b465ee728b)  -> (artifact id: '8c7e2e720916a3ae9788560935ff3e2c') in 0.016733 seconds 
========================================================================
Received Import Request.
  Time since last request: 0.000023 seconds.
  path: Assets/Toon Gas Station/Models/Car_6G.fbx
  artifactKey: Guid(e29524f3e15f50f40a84ba6ae5a5de10) Importer(815301076,1909f56bfc062723c751e8b465ee728b)
Start importing Assets/Toon Gas Station/Models/Car_6G.fbx using Guid(e29524f3e15f50f40a84ba6ae5a5de10) Importer(815301076,1909f56bfc062723c751e8b465ee728b)  -> (artifact id: 'f8bd17197985fca0fb88207a7e9df244') in 0.069193 seconds 
========================================================================
Received Import Request.
  Time since last request: 0.000023 seconds.
  path: Assets/Toon Gas Station/Models/Tree_7C.fbx
  artifactKey: Guid(b2ed135122c0adb42a4599ab021eeb17) Importer(815301076,1909f56bfc062723c751e8b465ee728b)
Start importing Assets/Toon Gas Station/Models/Tree_7C.fbx using Guid(b2ed135122c0adb42a4599ab021eeb17) Importer(815301076,1909f56bfc062723c751e8b465ee728b)  -> (artifact id: 'fd2f4776934e1131d1a2c11eeb3023e9') in 0.023910 seconds 
========================================================================
Received Import Request.
  Time since last request: 0.000027 seconds.
  path: Assets/Toon Gas Station/Models/Tree_6A.fbx
  artifactKey: Guid(b823b12a32852d74184ea84741978d46) Importer(815301076,1909f56bfc062723c751e8b465ee728b)
Start importing Assets/Toon Gas Station/Models/Tree_6A.fbx using Guid(b823b12a32852d74184ea84741978d46) Importer(815301076,1909f56bfc062723c751e8b465ee728b)  -> (artifact id: '80aa25245a1775095c5e7bcd1ab934a2') in 0.017219 seconds 
========================================================================
Received Import Request.
  Time since last request: 0.000017 seconds.
  path: Assets/Toon Gas Station/Models/Streetlight_1C.fbx
  artifactKey: Guid(e4c5085046b8cfe48a900f05e8e63e8a) Importer(815301076,1909f56bfc062723c751e8b465ee728b)
Start importing Assets/Toon Gas Station/Models/Streetlight_1C.fbx using Guid(e4c5085046b8cfe48a900f05e8e63e8a) Importer(815301076,1909f56bfc062723c751e8b465ee728b)  -> (artifact id: '4a61a5f228aca1bc103207f2d83d7a3b') in 0.024180 seconds 
========================================================================
Received Import Request.
  Time since last request: 0.000016 seconds.
  path: Assets/Toon Gas Station/Models/Tree_7F.fbx
  artifactKey: Guid(48abe579b846a624581d4139874c4016) Importer(815301076,1909f56bfc062723c751e8b465ee728b)
Start importing Assets/Toon Gas Station/Models/Tree_7F.fbx using Guid(48abe579b846a624581d4139874c4016) Importer(815301076,1909f56bfc062723c751e8b465ee728b)  -> (artifact id: '479f9d15fe1977de2f855bcc53624b5c') in 0.016046 seconds 
========================================================================
Received Import Request.
  Time since last request: 0.000014 seconds.
  path: Assets/Toon Gas Station/Models/Roundabout_2D.fbx
  artifactKey: Guid(3bf95aaf969194f46904707344286577) Importer(815301076,1909f56bfc062723c751e8b465ee728b)
Start importing Assets/Toon Gas Station/Models/Roundabout_2D.fbx using Guid(3bf95aaf969194f46904707344286577) Importer(815301076,1909f56bfc062723c751e8b465ee728b)  -> (artifact id: '8dfc1fd6473088bf24d6ef8242d14a7e') in 0.026461 seconds 
========================================================================
Received Import Request.
  Time since last request: 0.000016 seconds.
  path: Assets/Toon Gas Station/Models/Gas_Pump_1A.fbx
  artifactKey: Guid(89d8c5b96bd715c4e8569910516adbf7) Importer(815301076,1909f56bfc062723c751e8b465ee728b)
Start importing Assets/Toon Gas Station/Models/Gas_Pump_1A.fbx using Guid(89d8c5b96bd715c4e8569910516adbf7) Importer(815301076,1909f56bfc062723c751e8b465ee728b)  -> (artifact id: '1c25d04d177225b83b221f96d19d376b') in 0.028388 seconds 
========================================================================
Received Import Request.
  Time since last request: 0.000046 seconds.
  path: Assets/Toon Gas Station/Models/Pavement_2J_4X4.fbx
  artifactKey: Guid(6c0a9fa824af46247a29a8d7ca16be29) Importer(815301076,1909f56bfc062723c751e8b465ee728b)
Start importing Assets/Toon Gas Station/Models/Pavement_2J_4X4.fbx using Guid(6c0a9fa824af46247a29a8d7ca16be29) Importer(815301076,1909f56bfc062723c751e8b465ee728b)  -> (artifact id: '97d8cf4e9ba979db1bf7ecbec0b79829') in 0.012960 seconds 
========================================================================
Received Import Request.
  Time since last request: 0.000030 seconds.
  path: Assets/Toon Gas Station/Models/Road_3W.fbx
  artifactKey: Guid(00575f34657ddac41aab9802adcf5219) Importer(815301076,1909f56bfc062723c751e8b465ee728b)
Start importing Assets/Toon Gas Station/Models/Road_3W.fbx using Guid(00575f34657ddac41aab9802adcf5219) Importer(815301076,1909f56bfc062723c751e8b465ee728b)  -> (artifact id: '2e225a4936b133a9f9e46aae23e6c300') in 0.016053 seconds 
========================================================================
Received Import Request.
  Time since last request: 0.000016 seconds.
  path: Assets/Toon Gas Station/Models/Road_3Y.fbx
  artifactKey: Guid(980d2403742ac794985812742cc8f2ba) Importer(815301076,1909f56bfc062723c751e8b465ee728b)
Start importing Assets/Toon Gas Station/Models/Road_3Y.fbx using Guid(980d2403742ac794985812742cc8f2ba) Importer(815301076,1909f56bfc062723c751e8b465ee728b)  -> (artifact id: 'b701055334b66fed00231a051edf81d3') in 0.018092 seconds 
========================================================================
Received Import Request.
  Time since last request: 0.000041 seconds.
  path: Assets/Toon Gas Station/Models/Car_18C.fbx
  artifactKey: Guid(577bfc99767cb1b489b74d381e1a0e5d) Importer(815301076,1909f56bfc062723c751e8b465ee728b)
Start importing Assets/Toon Gas Station/Models/Car_18C.fbx using Guid(577bfc99767cb1b489b74d381e1a0e5d) Importer(815301076,1909f56bfc062723c751e8b465ee728b)  -> (artifact id: '973549cf7dc498001a4a9711e44761b2') in 0.052327 seconds 
========================================================================
Received Import Request.
  Time since last request: 0.000015 seconds.
  path: Assets/Toon Gas Station/Models/Gas_Tank_2A.fbx
  artifactKey: Guid(2f0a0eaaa0b685547b1a6d12a950ac8e) Importer(815301076,1909f56bfc062723c751e8b465ee728b)
Start importing Assets/Toon Gas Station/Models/Gas_Tank_2A.fbx using Guid(2f0a0eaaa0b685547b1a6d12a950ac8e) Importer(815301076,1909f56bfc062723c751e8b465ee728b)  -> (artifact id: '160ea430e9d1482737d292bee32a5ae0') in 0.016245 seconds 
========================================================================
Received Import Request.
  Time since last request: 0.000020 seconds.
  path: Assets/Toon Gas Station/Models/Rock_Cluster_1B.fbx
  artifactKey: Guid(45ed2b099da3ecb4cb04e85fe5a16ea1) Importer(815301076,1909f56bfc062723c751e8b465ee728b)
Start importing Assets/Toon Gas Station/Models/Rock_Cluster_1B.fbx using Guid(45ed2b099da3ecb4cb04e85fe5a16ea1) Importer(815301076,1909f56bfc062723c751e8b465ee728b)  -> (artifact id: 'c8c929b64c9b5beff0e3bd930a3cd086') in 0.017293 seconds 
========================================================================
Received Import Request.
  Time since last request: 0.000021 seconds.
  path: Assets/Toon Gas Station/Models/Building_17E.fbx
  artifactKey: Guid(b3b6ed0d732bfb5499fc588276b29b9a) Importer(815301076,1909f56bfc062723c751e8b465ee728b)
Start importing Assets/Toon Gas Station/Models/Building_17E.fbx using Guid(b3b6ed0d732bfb5499fc588276b29b9a) Importer(815301076,1909f56bfc062723c751e8b465ee728b)  -> (artifact id: '4c07e704093c94307d9219765e6ebca7') in 0.032710 seconds 
========================================================================
Received Import Request.
  Time since last request: 0.000024 seconds.
  path: Assets/Toon Gas Station/Models/Car_14I.fbx
  artifactKey: Guid(3e536b21e16197d4c88495c3949a1a9f) Importer(815301076,1909f56bfc062723c751e8b465ee728b)
Start importing Assets/Toon Gas Station/Models/Car_14I.fbx using Guid(3e536b21e16197d4c88495c3949a1a9f) Importer(815301076,1909f56bfc062723c751e8b465ee728b)  -> (artifact id: 'f67070ec60822700660ac3e8c521f209') in 0.063874 seconds 
========================================================================
Received Import Request.
  Time since last request: 23.750568 seconds.
  path: Assets/Toon Gas Station/Models/Materials/Car_14I_D.mat
  artifactKey: Guid(cee4fffeff1397c4497073c83c0f8f36) Importer(815301076,1909f56bfc062723c751e8b465ee728b)
Start importing Assets/Toon Gas Station/Models/Materials/Car_14I_D.mat using Guid(cee4fffeff1397c4497073c83c0f8f36) Importer(815301076,1909f56bfc062723c751e8b465ee728b)  -> (artifact id: 'e19b319dae516a7cb75ce321c65daedd') in 0.031502 seconds 
========================================================================
Received Import Request.
  Time since last request: 0.000016 seconds.
  path: Assets/Toon Gas Station/Models/Materials/Car_21A_D.mat
  artifactKey: Guid(94d11901990e49c46a41f1db9a7e4fac) Importer(815301076,1909f56bfc062723c751e8b465ee728b)
Start importing Assets/Toon Gas Station/Models/Materials/Car_21A_D.mat using Guid(94d11901990e49c46a41f1db9a7e4fac) Importer(815301076,1909f56bfc062723c751e8b465ee728b)  -> (artifact id: 'bef430d6d47726e876ef5e4b5343a267') in 0.009879 seconds 
========================================================================
Received Import Request.
  Time since last request: 0.000018 seconds.
  path: Assets/Toon Gas Station/Models/Materials/Gas_Station_1A_D.mat
  artifactKey: Guid(21544046639b8e646b2ac5cab1d4f419) Importer(815301076,1909f56bfc062723c751e8b465ee728b)
Start importing Assets/Toon Gas Station/Models/Materials/Gas_Station_1A_D.mat using Guid(21544046639b8e646b2ac5cab1d4f419) Importer(815301076,1909f56bfc062723c751e8b465ee728b)  -> (artifact id: '00a1a4c319e74c9a8f59bf507b36f9af') in 0.009284 seconds 
========================================================================
Received Import Request.
  Time since last request: 0.000023 seconds.
  path: Assets/Toon Gas Station/Models/Materials/Windows.mat
  artifactKey: Guid(f0e2c4be90e671c4e82f093806ff6784) Importer(815301076,1909f56bfc062723c751e8b465ee728b)
Start importing Assets/Toon Gas Station/Models/Materials/Windows.mat using Guid(f0e2c4be90e671c4e82f093806ff6784) Importer(815301076,1909f56bfc062723c751e8b465ee728b)  -> (artifact id: '164579330706a9aa4ceb93cb116157a1') in 0.027057 seconds 
Editor requested this worker to shutdown with reason: Scaling down because of idle timeout
AssetImportWorker is now disconnected from the server
Process exiting
Exiting without the bug reporter. Application will terminate with return code 0